[0.103s] DEBUG:colcon:Command line arguments: ['/usr/bin/colcon', 'build', '--symlink-install']
[0.103s] DEBUG:colcon:Parsed command line arguments: Namespace(log_base=None, log_level=None, verb_name='build', build_base='build', install_base='install', merge_install=False, symlink_install=True, test_result_base=None, continue_on_error=False, executor='parallel', parallel_workers=12, event_handlers=None, ignore_user_meta=False, metas=['./colcon.meta'], base_paths=['.'], packages_ignore=None, packages_ignore_regex=None, paths=None, packages_up_to=None, packages_up_to_regex=None, packages_above=None, packages_above_and_dependencies=None, packages_above_depth=None, packages_select_by_dep=None, packages_skip_by_dep=None, packages_skip_up_to=None, packages_select_build_failed=False, packages_skip_build_finished=False, packages_select_test_failures=False, packages_skip_test_passed=False, packages_select=None, packages_skip=None, packages_select_regex=None, packages_skip_regex=None, packages_start=None, packages_end=None, allow_overriding=[], cmake_args=None, cmake_target=None, cmake_target_skip_unavailable=False, cmake_clean_cache=False, cmake_clean_first=False, cmake_force_configure=False, ament_cmake_args=None, catkin_cmake_args=None, catkin_skip_building_tests=False, verb_parser=<colcon_defaults.argument_parser.defaults.DefaultArgumentsDecorator object at 0x724de68139a0>, verb_extension=<colcon_core.verb.build.BuildVerb object at 0x724de6950cd0>, main=<bound method BuildVerb.main of <colcon_core.verb.build.BuildVerb object at 0x724de6950cd0>>)
[0.263s] Level 1:colcon.colcon_core.package_discovery:discover_packages(colcon_meta) check parameters
[0.263s] Level 1:colcon.colcon_core.package_discovery:discover_packages(recursive) check parameters
[0.263s] Level 1:colcon.colcon_core.package_discovery:discover_packages(ignore) check parameters
[0.263s] Level 1:colcon.colcon_core.package_discovery:discover_packages(path) check parameters
[0.263s] Level 1:colcon.colcon_core.package_discovery:discover_packages(colcon_meta) discover
[0.263s] Level 1:colcon.colcon_core.package_discovery:discover_packages(recursive) discover
[0.263s] INFO:colcon.colcon_core.package_discovery:Crawling recursively for packages in '/home/dee/ros2_ws'
[0.264s] Level 1:colcon.colcon_core.package_identification:_identify(.) by extensions ['ignore', 'ignore_ament_install']
[0.264s] Level 1:colcon.colcon_core.package_identification:_identify(.) by extension 'ignore'
[0.264s] Level 1:colcon.colcon_core.package_identification:_identify(.) by extension 'ignore_ament_install'
[0.264s] Level 1:colcon.colcon_core.package_identification:_identify(.) by extensions ['colcon_pkg']
[0.264s] Level 1:colcon.colcon_core.package_identification:_identify(.) by extension 'colcon_pkg'
[0.264s] Level 1:colcon.colcon_core.package_identification:_identify(.) by extensions ['colcon_meta']
[0.264s] Level 1:colcon.colcon_core.package_identification:_identify(.) by extension 'colcon_meta'
[0.264s] Level 1:colcon.colcon_core.package_identification:_identify(.) by extensions ['ros']
[0.264s] Level 1:colcon.colcon_core.package_identification:_identify(.) by extension 'ros'
[0.275s] Level 1:colcon.colcon_core.package_identification:_identify(.) by extensions ['cmake', 'python']
[0.275s] Level 1:colcon.colcon_core.package_identification:_identify(.) by extension 'cmake'
[0.275s] Level 1:colcon.colcon_core.package_identification:_identify(.) by extension 'python'
[0.275s] Level 1:colcon.colcon_core.package_identification:_identify(.) by extensions ['python_setup_py']
[0.275s] Level 1:colcon.colcon_core.package_identification:_identify(.) by extension 'python_setup_py'
[0.275s] Level 1:colcon.colcon_core.package_identification:_identify(build) by extensions ['ignore', 'ignore_ament_install']
[0.275s] Level 1:colcon.colcon_core.package_identification:_identify(build) by extension 'ignore'
[0.275s] Level 1:colcon.colcon_core.package_identification:_identify(build) ignored
[0.275s] Level 1:colcon.colcon_core.package_identification:_identify(install) by extensions ['ignore', 'ignore_ament_install']
[0.275s] Level 1:colcon.colcon_core.package_identification:_identify(install) by extension 'ignore'
[0.275s] Level 1:colcon.colcon_core.package_identification:_identify(install) ignored
[0.275s] Level 1:colcon.colcon_core.package_identification:_identify(log) by extensions ['ignore', 'ignore_ament_install']
[0.275s] Level 1:colcon.colcon_core.package_identification:_identify(log) by extension 'ignore'
[0.276s] Level 1:colcon.colcon_core.package_identification:_identify(log) ignored
[0.276s] Level 1:colcon.colcon_core.package_identification:_identify(src) by extensions ['ignore', 'ignore_ament_install']
[0.276s] Level 1:colcon.colcon_core.package_identification:_identify(src) by extension 'ignore'
[0.276s] Level 1:colcon.colcon_core.package_identification:_identify(src) by extension 'ignore_ament_install'
[0.276s] Level 1:colcon.colcon_core.package_identification:_identify(src) by extensions ['colcon_pkg']
[0.276s] Level 1:colcon.colcon_core.package_identification:_identify(src) by extension 'colcon_pkg'
[0.276s] Level 1:colcon.colcon_core.package_identification:_identify(src) by extensions ['colcon_meta']
[0.276s] Level 1:colcon.colcon_core.package_identification:_identify(src) by extension 'colcon_meta'
[0.276s] Level 1:colcon.colcon_core.package_identification:_identify(src) by extensions ['ros']
[0.276s] Level 1:colcon.colcon_core.package_identification:_identify(src) by extension 'ros'
[0.276s] Level 1:colcon.colcon_core.package_identification:_identify(src) by extensions ['cmake', 'python']
[0.276s] Level 1:colcon.colcon_core.package_identification:_identify(src) by extension 'cmake'
[0.276s] Level 1:colcon.colcon_core.package_identification:_identify(src) by extension 'python'
[0.276s] Level 1:colcon.colcon_core.package_identification:_identify(src) by extensions ['python_setup_py']
[0.276s] Level 1:colcon.colcon_core.package_identification:_identify(src) by extension 'python_setup_py'
[0.276s] Level 1:colcon.colcon_core.package_identification:_identify(src/dwa_local_planner) by extensions ['ignore', 'ignore_ament_install']
[0.277s] Level 1:colcon.colcon_core.package_identification:_identify(src/dwa_local_planner) by extension 'ignore'
[0.277s] Level 1:colcon.colcon_core.package_identification:_identify(src/dwa_local_planner) by extension 'ignore_ament_install'
[0.277s] Level 1:colcon.colcon_core.package_identification:_identify(src/dwa_local_planner) by extensions ['colcon_pkg']
[0.277s] Level 1:colcon.colcon_core.package_identification:_identify(src/dwa_local_planner) by extension 'colcon_pkg'
[0.277s] Level 1:colcon.colcon_core.package_identification:_identify(src/dwa_local_planner) by extensions ['colcon_meta']
[0.277s] Level 1:colcon.colcon_core.package_identification:_identify(src/dwa_local_planner) by extension 'colcon_meta'
[0.277s] Level 1:colcon.colcon_core.package_identification:_identify(src/dwa_local_planner) by extensions ['ros']
[0.277s] Level 1:colcon.colcon_core.package_identification:_identify(src/dwa_local_planner) by extension 'ros'
[0.280s] DEBUG:colcon.colcon_core.package_identification:Package 'src/dwa_local_planner' with type 'ros.ament_python' and name 'dwa_local_planner'
[0.280s] Level 1:colcon.colcon_core.package_identification:_identify(src/turtlebot3_simulations) by extensions ['ignore', 'ignore_ament_install']
[0.280s] Level 1:colcon.colcon_core.package_identification:_identify(src/turtlebot3_simulations) by extension 'ignore'
[0.280s] Level 1:colcon.colcon_core.package_identification:_identify(src/turtlebot3_simulations) by extension 'ignore_ament_install'
[0.280s] Level 1:colcon.colcon_core.package_identification:_identify(src/turtlebot3_simulations) by extensions ['colcon_pkg']
[0.280s] Level 1:colcon.colcon_core.package_identification:_identify(src/turtlebot3_simulations) by extension 'colcon_pkg'
[0.280s] Level 1:colcon.colcon_core.package_identification:_identify(src/turtlebot3_simulations) by extensions ['colcon_meta']
[0.280s] Level 1:colcon.colcon_core.package_identification:_identify(src/turtlebot3_simulations) by extension 'colcon_meta'
[0.280s] Level 1:colcon.colcon_core.package_identification:_identify(src/turtlebot3_simulations) by extensions ['ros']
[0.280s] Level 1:colcon.colcon_core.package_identification:_identify(src/turtlebot3_simulations) by extension 'ros'
[0.280s] Level 1:colcon.colcon_core.package_identification:_identify(src/turtlebot3_simulations) by extensions ['cmake', 'python']
[0.280s] Level 1:colcon.colcon_core.package_identification:_identify(src/turtlebot3_simulations) by extension 'cmake'
[0.280s] Level 1:colcon.colcon_core.package_identification:_identify(src/turtlebot3_simulations) by extension 'python'
[0.280s] Level 1:colcon.colcon_core.package_identification:_identify(src/turtlebot3_simulations) by extensions ['python_setup_py']
[0.281s] Level 1:colcon.colcon_core.package_identification:_identify(src/turtlebot3_simulations) by extension 'python_setup_py'
[0.281s] Level 1:colcon.colcon_core.package_identification:_identify(src/turtlebot3_simulations/turtlebot3_fake_node) by extensions ['ignore', 'ignore_ament_install']
[0.281s] Level 1:colcon.colcon_core.package_identification:_identify(src/turtlebot3_simulations/turtlebot3_fake_node) by extension 'ignore'
[0.281s] Level 1:colcon.colcon_core.package_identification:_identify(src/turtlebot3_simulations/turtlebot3_fake_node) by extension 'ignore_ament_install'
[0.281s] Level 1:colcon.colcon_core.package_identification:_identify(src/turtlebot3_simulations/turtlebot3_fake_node) by extensions ['colcon_pkg']
[0.281s] Level 1:colcon.colcon_core.package_identification:_identify(src/turtlebot3_simulations/turtlebot3_fake_node) by extension 'colcon_pkg'
[0.281s] Level 1:colcon.colcon_core.package_identification:_identify(src/turtlebot3_simulations/turtlebot3_fake_node) by extensions ['colcon_meta']
[0.281s] Level 1:colcon.colcon_core.package_identification:_identify(src/turtlebot3_simulations/turtlebot3_fake_node) by extension 'colcon_meta'
[0.281s] Level 1:colcon.colcon_core.package_identification:_identify(src/turtlebot3_simulations/turtlebot3_fake_node) by extensions ['ros']
[0.281s] Level 1:colcon.colcon_core.package_identification:_identify(src/turtlebot3_simulations/turtlebot3_fake_node) by extension 'ros'
[0.283s] DEBUG:colcon.colcon_core.package_identification:Package 'src/turtlebot3_simulations/turtlebot3_fake_node' with type 'ros.ament_cmake' and name 'turtlebot3_fake_node'
[0.283s] Level 1:colcon.colcon_core.package_identification:_identify(src/turtlebot3_simulations/turtlebot3_gazebo) by extensions ['ignore', 'ignore_ament_install']
[0.283s] Level 1:colcon.colcon_core.package_identification:_identify(src/turtlebot3_simulations/turtlebot3_gazebo) by extension 'ignore'
[0.283s] Level 1:colcon.colcon_core.package_identification:_identify(src/turtlebot3_simulations/turtlebot3_gazebo) by extension 'ignore_ament_install'
[0.283s] Level 1:colcon.colcon_core.package_identification:_identify(src/turtlebot3_simulations/turtlebot3_gazebo) by extensions ['colcon_pkg']
[0.283s] Level 1:colcon.colcon_core.package_identification:_identify(src/turtlebot3_simulations/turtlebot3_gazebo) by extension 'colcon_pkg'
[0.283s] Level 1:colcon.colcon_core.package_identification:_identify(src/turtlebot3_simulations/turtlebot3_gazebo) by extensions ['colcon_meta']
[0.283s] Level 1:colcon.colcon_core.package_identification:_identify(src/turtlebot3_simulations/turtlebot3_gazebo) by extension 'colcon_meta'
[0.283s] Level 1:colcon.colcon_core.package_identification:_identify(src/turtlebot3_simulations/turtlebot3_gazebo) by extensions ['ros']
[0.283s] Level 1:colcon.colcon_core.package_identification:_identify(src/turtlebot3_simulations/turtlebot3_gazebo) by extension 'ros'
[0.284s] DEBUG:colcon.colcon_core.package_identification:Package 'src/turtlebot3_simulations/turtlebot3_gazebo' with type 'ros.ament_cmake' and name 'turtlebot3_gazebo'
[0.285s] Level 1:colcon.colcon_core.package_identification:_identify(src/turtlebot3_simulations/turtlebot3_manipulation_gazebo) by extensions ['ignore', 'ignore_ament_install']
[0.285s] Level 1:colcon.colcon_core.package_identification:_identify(src/turtlebot3_simulations/turtlebot3_manipulation_gazebo) by extension 'ignore'
[0.285s] Level 1:colcon.colcon_core.package_identification:_identify(src/turtlebot3_simulations/turtlebot3_manipulation_gazebo) by extension 'ignore_ament_install'
[0.285s] Level 1:colcon.colcon_core.package_identification:_identify(src/turtlebot3_simulations/turtlebot3_manipulation_gazebo) by extensions ['colcon_pkg']
[0.285s] Level 1:colcon.colcon_core.package_identification:_identify(src/turtlebot3_simulations/turtlebot3_manipulation_gazebo) by extension 'colcon_pkg'
[0.285s] Level 1:colcon.colcon_core.package_identification:_identify(src/turtlebot3_simulations/turtlebot3_manipulation_gazebo) by extensions ['colcon_meta']
[0.285s] Level 1:colcon.colcon_core.package_identification:_identify(src/turtlebot3_simulations/turtlebot3_manipulation_gazebo) by extension 'colcon_meta'
[0.285s] Level 1:colcon.colcon_core.package_identification:_identify(src/turtlebot3_simulations/turtlebot3_manipulation_gazebo) by extensions ['ros']
[0.285s] Level 1:colcon.colcon_core.package_identification:_identify(src/turtlebot3_simulations/turtlebot3_manipulation_gazebo) by extension 'ros'
[0.286s] DEBUG:colcon.colcon_core.package_identification:Package 'src/turtlebot3_simulations/turtlebot3_manipulation_gazebo' with type 'ros.ament_cmake' and name 'turtlebot3_manipulation_gazebo'
[0.286s] Level 1:colcon.colcon_core.package_identification:_identify(src/turtlebot3_simulations/turtlebot3_simulations) by extensions ['ignore', 'ignore_ament_install']
[0.286s] Level 1:colcon.colcon_core.package_identification:_identify(src/turtlebot3_simulations/turtlebot3_simulations) by extension 'ignore'
[0.286s] Level 1:colcon.colcon_core.package_identification:_identify(src/turtlebot3_simulations/turtlebot3_simulations) by extension 'ignore_ament_install'
[0.286s] Level 1:colcon.colcon_core.package_identification:_identify(src/turtlebot3_simulations/turtlebot3_simulations) by extensions ['colcon_pkg']
[0.286s] Level 1:colcon.colcon_core.package_identification:_identify(src/turtlebot3_simulations/turtlebot3_simulations) by extension 'colcon_pkg'
[0.286s] Level 1:colcon.colcon_core.package_identification:_identify(src/turtlebot3_simulations/turtlebot3_simulations) by extensions ['colcon_meta']
[0.286s] Level 1:colcon.colcon_core.package_identification:_identify(src/turtlebot3_simulations/turtlebot3_simulations) by extension 'colcon_meta'
[0.286s] Level 1:colcon.colcon_core.package_identification:_identify(src/turtlebot3_simulations/turtlebot3_simulations) by extensions ['ros']
[0.286s] Level 1:colcon.colcon_core.package_identification:_identify(src/turtlebot3_simulations/turtlebot3_simulations) by extension 'ros'
[0.287s] DEBUG:colcon.colcon_core.package_identification:Package 'src/turtlebot3_simulations/turtlebot3_simulations' with type 'ros.ament_cmake' and name 'turtlebot3_simulations'
[0.287s] Level 1:colcon.colcon_core.package_discovery:discover_packages(recursive) using defaults
[0.287s] Level 1:colcon.colcon_core.package_discovery:discover_packages(ignore) discover
[0.287s] Level 1:colcon.colcon_core.package_discovery:discover_packages(ignore) using defaults
[0.287s] Level 1:colcon.colcon_core.package_discovery:discover_packages(path) discover
[0.287s] Level 1:colcon.colcon_core.package_discovery:discover_packages(path) using defaults
[0.307s] Level 1:colcon.colcon_core.package_discovery:discover_packages(prefix_path) check parameters
[0.307s] Level 1:colcon.colcon_core.package_discovery:discover_packages(prefix_path) discover
[0.317s] DEBUG:colcon.colcon_installed_package_information.package_discovery:Found 1 installed packages in /home/dee/ros2_ws/install
[0.319s] DEBUG:colcon.colcon_installed_package_information.package_discovery:Found 337 installed packages in /opt/ros/humble
[0.320s] Level 1:colcon.colcon_core.package_discovery:discover_packages(prefix_path) using defaults
[0.362s] Level 5:colcon.colcon_core.verb:set package 'dwa_local_planner' build argument 'cmake_args' from command line to 'None'
[0.362s] Level 5:colcon.colcon_core.verb:set package 'dwa_local_planner' build argument 'cmake_target' from command line to 'None'
[0.362s] Level 5:colcon.colcon_core.verb:set package 'dwa_local_planner' build argument 'cmake_target_skip_unavailable' from command line to 'False'
[0.362s] Level 5:colcon.colcon_core.verb:set package 'dwa_local_planner' build argument 'cmake_clean_cache' from command line to 'False'
[0.362s] Level 5:colcon.colcon_core.verb:set package 'dwa_local_planner' build argument 'cmake_clean_first' from command line to 'False'
[0.362s] Level 5:colcon.colcon_core.verb:set package 'dwa_local_planner' build argument 'cmake_force_configure' from command line to 'False'
[0.362s] Level 5:colcon.colcon_core.verb:set package 'dwa_local_planner' build argument 'ament_cmake_args' from command line to 'None'
[0.362s] Level 5:colcon.colcon_core.verb:set package 'dwa_local_planner' build argument 'catkin_cmake_args' from command line to 'None'
[0.362s] Level 5:colcon.colcon_core.verb:set package 'dwa_local_planner' build argument 'catkin_skip_building_tests' from command line to 'False'
[0.362s] DEBUG:colcon.colcon_core.verb:Building package 'dwa_local_planner' with the following arguments: {'ament_cmake_args': None, 'build_base': '/home/dee/ros2_ws/build/dwa_local_planner', 'catkin_cmake_args': None, 'catkin_skip_building_tests': False, 'cmake_args': None, 'cmake_clean_cache': False, 'cmake_clean_first': False, 'cmake_force_configure': False, 'cmake_target': None, 'cmake_target_skip_unavailable': False, 'install_base': '/home/dee/ros2_ws/install/dwa_local_planner', 'merge_install': False, 'path': '/home/dee/ros2_ws/src/dwa_local_planner', 'symlink_install': True, 'test_result_base': None}
[0.363s] Level 5:colcon.colcon_core.verb:set package 'turtlebot3_fake_node' build argument 'cmake_args' from command line to 'None'
[0.363s] Level 5:colcon.colcon_core.verb:set package 'turtlebot3_fake_node' build argument 'cmake_target' from command line to 'None'
[0.363s] Level 5:colcon.colcon_core.verb:set package 'turtlebot3_fake_node' build argument 'cmake_target_skip_unavailable' from command line to 'False'
[0.363s] Level 5:colcon.colcon_core.verb:set package 'turtlebot3_fake_node' build argument 'cmake_clean_cache' from command line to 'False'
[0.363s] Level 5:colcon.colcon_core.verb:set package 'turtlebot3_fake_node' build argument 'cmake_clean_first' from command line to 'False'
[0.363s] Level 5:colcon.colcon_core.verb:set package 'turtlebot3_fake_node' build argument 'cmake_force_configure' from command line to 'False'
[0.363s] Level 5:colcon.colcon_core.verb:set package 'turtlebot3_fake_node' build argument 'ament_cmake_args' from command line to 'None'
[0.363s] Level 5:colcon.colcon_core.verb:set package 'turtlebot3_fake_node' build argument 'catkin_cmake_args' from command line to 'None'
[0.363s] Level 5:colcon.colcon_core.verb:set package 'turtlebot3_fake_node' build argument 'catkin_skip_building_tests' from command line to 'False'
[0.363s] DEBUG:colcon.colcon_core.verb:Building package 'turtlebot3_fake_node' with the following arguments: {'ament_cmake_args': None, 'build_base': '/home/dee/ros2_ws/build/turtlebot3_fake_node', 'catkin_cmake_args': None, 'catkin_skip_building_tests': False, 'cmake_args': None, 'cmake_clean_cache': False, 'cmake_clean_first': False, 'cmake_force_configure': False, 'cmake_target': None, 'cmake_target_skip_unavailable': False, 'install_base': '/home/dee/ros2_ws/install/turtlebot3_fake_node', 'merge_install': False, 'path': '/home/dee/ros2_ws/src/turtlebot3_simulations/turtlebot3_fake_node', 'symlink_install': True, 'test_result_base': None}
[0.363s] Level 5:colcon.colcon_core.verb:set package 'turtlebot3_gazebo' build argument 'cmake_args' from command line to 'None'
[0.363s] Level 5:colcon.colcon_core.verb:set package 'turtlebot3_gazebo' build argument 'cmake_target' from command line to 'None'
[0.363s] Level 5:colcon.colcon_core.verb:set package 'turtlebot3_gazebo' build argument 'cmake_target_skip_unavailable' from command line to 'False'
[0.363s] Level 5:colcon.colcon_core.verb:set package 'turtlebot3_gazebo' build argument 'cmake_clean_cache' from command line to 'False'
[0.363s] Level 5:colcon.colcon_core.verb:set package 'turtlebot3_gazebo' build argument 'cmake_clean_first' from command line to 'False'
[0.363s] Level 5:colcon.colcon_core.verb:set package 'turtlebot3_gazebo' build argument 'cmake_force_configure' from command line to 'False'
[0.363s] Level 5:colcon.colcon_core.verb:set package 'turtlebot3_gazebo' build argument 'ament_cmake_args' from command line to 'None'
[0.363s] Level 5:colcon.colcon_core.verb:set package 'turtlebot3_gazebo' build argument 'catkin_cmake_args' from command line to 'None'
[0.364s] Level 5:colcon.colcon_core.verb:set package 'turtlebot3_gazebo' build argument 'catkin_skip_building_tests' from command line to 'False'
[0.364s] DEBUG:colcon.colcon_core.verb:Building package 'turtlebot3_gazebo' with the following arguments: {'ament_cmake_args': None, 'build_base': '/home/dee/ros2_ws/build/turtlebot3_gazebo', 'catkin_cmake_args': None, 'catkin_skip_building_tests': False, 'cmake_args': None, 'cmake_clean_cache': False, 'cmake_clean_first': False, 'cmake_force_configure': False, 'cmake_target': None, 'cmake_target_skip_unavailable': False, 'install_base': '/home/dee/ros2_ws/install/turtlebot3_gazebo', 'merge_install': False, 'path': '/home/dee/ros2_ws/src/turtlebot3_simulations/turtlebot3_gazebo', 'symlink_install': True, 'test_result_base': None}
[0.364s] Level 5:colcon.colcon_core.verb:set package 'turtlebot3_manipulation_gazebo' build argument 'cmake_args' from command line to 'None'
[0.364s] Level 5:colcon.colcon_core.verb:set package 'turtlebot3_manipulation_gazebo' build argument 'cmake_target' from command line to 'None'
[0.364s] Level 5:colcon.colcon_core.verb:set package 'turtlebot3_manipulation_gazebo' build argument 'cmake_target_skip_unavailable' from command line to 'False'
[0.364s] Level 5:colcon.colcon_core.verb:set package 'turtlebot3_manipulation_gazebo' build argument 'cmake_clean_cache' from command line to 'False'
[0.364s] Level 5:colcon.colcon_core.verb:set package 'turtlebot3_manipulation_gazebo' build argument 'cmake_clean_first' from command line to 'False'
[0.364s] Level 5:colcon.colcon_core.verb:set package 'turtlebot3_manipulation_gazebo' build argument 'cmake_force_configure' from command line to 'False'
[0.364s] Level 5:colcon.colcon_core.verb:set package 'turtlebot3_manipulation_gazebo' build argument 'ament_cmake_args' from command line to 'None'
[0.364s] Level 5:colcon.colcon_core.verb:set package 'turtlebot3_manipulation_gazebo' build argument 'catkin_cmake_args' from command line to 'None'
[0.364s] Level 5:colcon.colcon_core.verb:set package 'turtlebot3_manipulation_gazebo' build argument 'catkin_skip_building_tests' from command line to 'False'
[0.364s] DEBUG:colcon.colcon_core.verb:Building package 'turtlebot3_manipulation_gazebo' with the following arguments: {'ament_cmake_args': None, 'build_base': '/home/dee/ros2_ws/build/turtlebot3_manipulation_gazebo', 'catkin_cmake_args': None, 'catkin_skip_building_tests': False, 'cmake_args': None, 'cmake_clean_cache': False, 'cmake_clean_first': False, 'cmake_force_configure': False, 'cmake_target': None, 'cmake_target_skip_unavailable': False, 'install_base': '/home/dee/ros2_ws/install/turtlebot3_manipulation_gazebo', 'merge_install': False, 'path': '/home/dee/ros2_ws/src/turtlebot3_simulations/turtlebot3_manipulation_gazebo', 'symlink_install': True, 'test_result_base': None}
[0.364s] Level 5:colcon.colcon_core.verb:set package 'turtlebot3_simulations' build argument 'cmake_args' from command line to 'None'
[0.364s] Level 5:colcon.colcon_core.verb:set package 'turtlebot3_simulations' build argument 'cmake_target' from command line to 'None'
[0.365s] Level 5:colcon.colcon_core.verb:set package 'turtlebot3_simulations' build argument 'cmake_target_skip_unavailable' from command line to 'False'
[0.365s] Level 5:colcon.colcon_core.verb:set package 'turtlebot3_simulations' build argument 'cmake_clean_cache' from command line to 'False'
[0.365s] Level 5:colcon.colcon_core.verb:set package 'turtlebot3_simulations' build argument 'cmake_clean_first' from command line to 'False'
[0.365s] Level 5:colcon.colcon_core.verb:set package 'turtlebot3_simulations' build argument 'cmake_force_configure' from command line to 'False'
[0.365s] Level 5:colcon.colcon_core.verb:set package 'turtlebot3_simulations' build argument 'ament_cmake_args' from command line to 'None'
[0.365s] Level 5:colcon.colcon_core.verb:set package 'turtlebot3_simulations' build argument 'catkin_cmake_args' from command line to 'None'
[0.365s] Level 5:colcon.colcon_core.verb:set package 'turtlebot3_simulations' build argument 'catkin_skip_building_tests' from command line to 'False'
[0.365s] DEBUG:colcon.colcon_core.verb:Building package 'turtlebot3_simulations' with the following arguments: {'ament_cmake_args': None, 'build_base': '/home/dee/ros2_ws/build/turtlebot3_simulations', 'catkin_cmake_args': None, 'catkin_skip_building_tests': False, 'cmake_args': None, 'cmake_clean_cache': False, 'cmake_clean_first': False, 'cmake_force_configure': False, 'cmake_target': None, 'cmake_target_skip_unavailable': False, 'install_base': '/home/dee/ros2_ws/install/turtlebot3_simulations', 'merge_install': False, 'path': '/home/dee/ros2_ws/src/turtlebot3_simulations/turtlebot3_simulations', 'symlink_install': True, 'test_result_base': None}
[0.365s] INFO:colcon.colcon_core.executor:Executing jobs using 'parallel' executor
[0.366s] DEBUG:colcon.colcon_parallel_executor.executor.parallel:run_until_complete
[0.366s] INFO:colcon.colcon_ros.task.ament_cmake.build:Building ROS package in '/home/dee/ros2_ws/src/turtlebot3_simulations/turtlebot3_fake_node' with build type 'ament_cmake'
[0.366s] INFO:colcon.colcon_cmake.task.cmake.build:Building CMake package in '/home/dee/ros2_ws/src/turtlebot3_simulations/turtlebot3_fake_node'
[0.368s] INFO:colcon.colcon_core.plugin_system:Skipping extension 'colcon_core.shell.bat': Not used on non-Windows systems
[0.368s] INFO:colcon.colcon_core.shell:Skip shell extension 'powershell' for command environment: Not usable outside of PowerShell
[0.368s] DEBUG:colcon.colcon_core.shell:Skip shell extension 'dsv' for command environment
[0.372s] INFO:colcon.colcon_ros.task.ament_cmake.build:Building ROS package in '/home/dee/ros2_ws/src/turtlebot3_simulations/turtlebot3_gazebo' with build type 'ament_cmake'
[0.372s] INFO:colcon.colcon_cmake.task.cmake.build:Building CMake package in '/home/dee/ros2_ws/src/turtlebot3_simulations/turtlebot3_gazebo'
[0.372s] INFO:colcon.colcon_core.shell:Skip shell extension 'powershell' for command environment: Not usable outside of PowerShell
[0.372s] DEBUG:colcon.colcon_core.shell:Skip shell extension 'dsv' for command environment
[0.375s] INFO:colcon.colcon_ros.task.ament_cmake.build:Building ROS package in '/home/dee/ros2_ws/src/turtlebot3_simulations/turtlebot3_manipulation_gazebo' with build type 'ament_cmake'
[0.375s] INFO:colcon.colcon_cmake.task.cmake.build:Building CMake package in '/home/dee/ros2_ws/src/turtlebot3_simulations/turtlebot3_manipulation_gazebo'
[0.375s] INFO:colcon.colcon_core.shell:Skip shell extension 'powershell' for command environment: Not usable outside of PowerShell
[0.375s] DEBUG:colcon.colcon_core.shell:Skip shell extension 'dsv' for command environment
[0.378s] INFO:colcon.colcon_ros.task.ament_python.build:Building ROS package in '/home/dee/ros2_ws/src/dwa_local_planner' with build type 'ament_python'
[0.379s] Level 1:colcon.colcon_core.shell:create_environment_hook('dwa_local_planner', 'ament_prefix_path')
[0.379s] INFO:colcon.colcon_core.shell:Creating environment hook '/home/dee/ros2_ws/install/dwa_local_planner/share/dwa_local_planner/hook/ament_prefix_path.ps1'
[0.379s] INFO:colcon.colcon_core.shell:Creating environment descriptor '/home/dee/ros2_ws/install/dwa_local_planner/share/dwa_local_planner/hook/ament_prefix_path.dsv'
[0.380s] INFO:colcon.colcon_core.shell:Creating environment hook '/home/dee/ros2_ws/install/dwa_local_planner/share/dwa_local_planner/hook/ament_prefix_path.sh'
[0.381s] INFO:colcon.colcon_core.shell:Skip shell extension 'powershell' for command environment: Not usable outside of PowerShell
[0.381s] DEBUG:colcon.colcon_core.shell:Skip shell extension 'dsv' for command environment
[0.388s] DEBUG:colcon.colcon_core.event_handler.log_command:Invoking command in '/home/dee/ros2_ws/build/turtlebot3_fake_node': CMAKE_PREFIX_PATH=/home/dee/ros2_ws/install/dwa_local_planner:/opt/ros/humble /usr/bin/cmake /home/dee/ros2_ws/src/turtlebot3_simulations/turtlebot3_fake_node -DAMENT_CMAKE_SYMLINK_INSTALL=1 -DCMAKE_INSTALL_PREFIX=/home/dee/ros2_ws/install/turtlebot3_fake_node
[0.390s] DEBUG:colcon.colcon_core.event_handler.log_command:Invoking command in '/home/dee/ros2_ws/build/turtlebot3_gazebo': CMAKE_PREFIX_PATH=/home/dee/ros2_ws/install/dwa_local_planner:/opt/ros/humble /usr/bin/cmake /home/dee/ros2_ws/src/turtlebot3_simulations/turtlebot3_gazebo -DAMENT_CMAKE_SYMLINK_INSTALL=1 -DCMAKE_INSTALL_PREFIX=/home/dee/ros2_ws/install/turtlebot3_gazebo
[0.392s] DEBUG:colcon.colcon_core.event_handler.log_command:Invoking command in '/home/dee/ros2_ws/build/turtlebot3_manipulation_gazebo': CMAKE_PREFIX_PATH=/home/dee/ros2_ws/install/dwa_local_planner:/opt/ros/humble /usr/bin/cmake /home/dee/ros2_ws/src/turtlebot3_simulations/turtlebot3_manipulation_gazebo -DAMENT_CMAKE_SYMLINK_INSTALL=1 -DCMAKE_INSTALL_PREFIX=/home/dee/ros2_ws/install/turtlebot3_manipulation_gazebo
[0.689s] INFO:colcon.colcon_core.task.python.build:Building Python package in '/home/dee/ros2_ws/src/dwa_local_planner'
[0.689s] INFO:colcon.colcon_core.shell:Skip shell extension 'powershell' for command environment: Not usable outside of PowerShell
[0.689s] DEBUG:colcon.colcon_core.shell:Skip shell extension 'dsv' for command environment
[1.032s] DEBUG:colcon.colcon_core.event_handler.log_command:Invoking command in '/home/dee/ros2_ws/build/dwa_local_planner': PYTHONPATH=/home/dee/ros2_ws/build/dwa_local_planner/prefix_override:/usr/lib/python3/dist-packages/colcon_core/task/python/colcon_distutils_commands:/home/dee/ros2_ws/install/dwa_local_planner/lib/python3.10/site-packages:${PYTHONPATH} /usr/bin/python3 -W ignore:setup.py install is deprecated -W ignore:easy_install command is deprecated setup.py develop --editable --build-directory /home/dee/ros2_ws/build/dwa_local_planner/build --no-deps symlink_data
[1.058s] DEBUG:colcon.colcon_core.event_handler.log_command:Invoked command in '/home/dee/ros2_ws/build/turtlebot3_manipulation_gazebo' returned '0': CMAKE_PREFIX_PATH=/home/dee/ros2_ws/install/dwa_local_planner:/opt/ros/humble /usr/bin/cmake /home/dee/ros2_ws/src/turtlebot3_simulations/turtlebot3_manipulation_gazebo -DAMENT_CMAKE_SYMLINK_INSTALL=1 -DCMAKE_INSTALL_PREFIX=/home/dee/ros2_ws/install/turtlebot3_manipulation_gazebo
[1.061s] DEBUG:colcon.colcon_core.event_handler.log_command:Invoking command in '/home/dee/ros2_ws/build/turtlebot3_manipulation_gazebo': CMAKE_PREFIX_PATH=/home/dee/ros2_ws/install/dwa_local_planner:/opt/ros/humble /usr/bin/cmake --build /home/dee/ros2_ws/build/turtlebot3_manipulation_gazebo -- -j12 -l12
[1.101s] DEBUG:colcon.colcon_core.event_handler.log_command:Invoked command in '/home/dee/ros2_ws/build/turtlebot3_manipulation_gazebo' returned '0': CMAKE_PREFIX_PATH=/home/dee/ros2_ws/install/dwa_local_planner:/opt/ros/humble /usr/bin/cmake --build /home/dee/ros2_ws/build/turtlebot3_manipulation_gazebo -- -j12 -l12
[1.112s] DEBUG:colcon.colcon_core.event_handler.log_command:Invoking command in '/home/dee/ros2_ws/build/turtlebot3_manipulation_gazebo': CMAKE_PREFIX_PATH=/home/dee/ros2_ws/install/dwa_local_planner:/opt/ros/humble /usr/bin/cmake --install /home/dee/ros2_ws/build/turtlebot3_manipulation_gazebo
[1.522s] Level 1:colcon.colcon_core.shell:create_environment_hook('dwa_local_planner', 'pythonpath_develop')
[1.523s] INFO:colcon.colcon_core.shell:Creating environment hook '/home/dee/ros2_ws/build/dwa_local_planner/share/dwa_local_planner/hook/pythonpath_develop.ps1'
[1.523s] DEBUG:colcon.colcon_core.event_handler.log_command:Invoked command in '/home/dee/ros2_ws/build/dwa_local_planner' returned '0': PYTHONPATH=/home/dee/ros2_ws/build/dwa_local_planner/prefix_override:/usr/lib/python3/dist-packages/colcon_core/task/python/colcon_distutils_commands:/home/dee/ros2_ws/install/dwa_local_planner/lib/python3.10/site-packages:${PYTHONPATH} /usr/bin/python3 -W ignore:setup.py install is deprecated -W ignore:easy_install command is deprecated setup.py develop --editable --build-directory /home/dee/ros2_ws/build/dwa_local_planner/build --no-deps symlink_data
[1.523s] INFO:colcon.colcon_core.shell:Creating environment descriptor '/home/dee/ros2_ws/build/dwa_local_planner/share/dwa_local_planner/hook/pythonpath_develop.dsv'
[1.524s] INFO:colcon.colcon_core.shell:Creating environment hook '/home/dee/ros2_ws/build/dwa_local_planner/share/dwa_local_planner/hook/pythonpath_develop.sh'
[1.527s] Level 1:colcon.colcon_core.environment:checking '/home/dee/ros2_ws/install/dwa_local_planner' for CMake module files
[1.527s] Level 1:colcon.colcon_core.environment:checking '/home/dee/ros2_ws/install/dwa_local_planner' for CMake config files
[1.528s] Level 1:colcon.colcon_core.environment:checking '/home/dee/ros2_ws/install/dwa_local_planner/lib'
[1.528s] Level 1:colcon.colcon_core.environment:checking '/home/dee/ros2_ws/install/dwa_local_planner/bin'
[1.528s] Level 1:colcon.colcon_core.environment:checking '/home/dee/ros2_ws/install/dwa_local_planner/lib/pkgconfig/dwa_local_planner.pc'
[1.528s] Level 1:colcon.colcon_core.environment:checking '/home/dee/ros2_ws/install/dwa_local_planner/lib/python3.10/site-packages'
[1.528s] Level 1:colcon.colcon_core.shell:create_environment_hook('dwa_local_planner', 'pythonpath')
[1.529s] INFO:colcon.colcon_core.shell:Creating environment hook '/home/dee/ros2_ws/install/dwa_local_planner/share/dwa_local_planner/hook/pythonpath.ps1'
[1.529s] INFO:colcon.colcon_core.shell:Creating environment descriptor '/home/dee/ros2_ws/install/dwa_local_planner/share/dwa_local_planner/hook/pythonpath.dsv'
[1.530s] INFO:colcon.colcon_core.shell:Creating environment hook '/home/dee/ros2_ws/install/dwa_local_planner/share/dwa_local_planner/hook/pythonpath.sh'
[1.530s] Level 1:colcon.colcon_core.environment:checking '/home/dee/ros2_ws/install/dwa_local_planner/bin'
[1.530s] Level 1:colcon.colcon_core.environment:create_environment_scripts_only(dwa_local_planner)
[1.531s] INFO:colcon.colcon_core.shell:Creating package script '/home/dee/ros2_ws/install/dwa_local_planner/share/dwa_local_planner/package.ps1'
[1.532s] INFO:colcon.colcon_core.shell:Creating package descriptor '/home/dee/ros2_ws/install/dwa_local_planner/share/dwa_local_planner/package.dsv'
[1.532s] INFO:colcon.colcon_core.shell:Creating package script '/home/dee/ros2_ws/install/dwa_local_planner/share/dwa_local_planner/package.sh'
[1.533s] INFO:colcon.colcon_core.shell:Creating package script '/home/dee/ros2_ws/install/dwa_local_planner/share/dwa_local_planner/package.bash'
[1.534s] INFO:colcon.colcon_core.shell:Creating package script '/home/dee/ros2_ws/install/dwa_local_planner/share/dwa_local_planner/package.zsh'
[1.535s] Level 1:colcon.colcon_core.environment:create_file_with_runtime_dependencies(/home/dee/ros2_ws/install/dwa_local_planner/share/colcon-core/packages/dwa_local_planner)
[1.755s] DEBUG:colcon.colcon_core.event_handler.log_command:Invoked command in '/home/dee/ros2_ws/build/turtlebot3_fake_node' returned '0': CMAKE_PREFIX_PATH=/home/dee/ros2_ws/install/dwa_local_planner:/opt/ros/humble /usr/bin/cmake /home/dee/ros2_ws/src/turtlebot3_simulations/turtlebot3_fake_node -DAMENT_CMAKE_SYMLINK_INSTALL=1 -DCMAKE_INSTALL_PREFIX=/home/dee/ros2_ws/install/turtlebot3_fake_node
[1.756s] DEBUG:colcon.colcon_core.event_handler.log_command:Invoking command in '/home/dee/ros2_ws/build/turtlebot3_fake_node': CMAKE_PREFIX_PATH=/home/dee/ros2_ws/install/dwa_local_planner:/opt/ros/humble /usr/bin/cmake --build /home/dee/ros2_ws/build/turtlebot3_fake_node -- -j12 -l12
[2.031s] Level 1:colcon.colcon_core.environment:create_environment_scripts_only(turtlebot3_manipulation_gazebo)
[2.032s] Level 1:colcon.colcon_core.environment:checking '/home/dee/ros2_ws/install/turtlebot3_manipulation_gazebo' for CMake module files
[2.033s] DEBUG:colcon.colcon_core.event_handler.log_command:Invoked command in '/home/dee/ros2_ws/build/turtlebot3_manipulation_gazebo' returned '0': CMAKE_PREFIX_PATH=/home/dee/ros2_ws/install/dwa_local_planner:/opt/ros/humble /usr/bin/cmake --install /home/dee/ros2_ws/build/turtlebot3_manipulation_gazebo
[2.033s] Level 1:colcon.colcon_core.environment:checking '/home/dee/ros2_ws/install/turtlebot3_manipulation_gazebo' for CMake config files
[2.035s] Level 1:colcon.colcon_core.shell:create_environment_hook('turtlebot3_manipulation_gazebo', 'cmake_prefix_path')
[2.035s] INFO:colcon.colcon_core.shell:Creating environment hook '/home/dee/ros2_ws/install/turtlebot3_manipulation_gazebo/share/turtlebot3_manipulation_gazebo/hook/cmake_prefix_path.ps1'
[2.036s] INFO:colcon.colcon_core.shell:Creating environment descriptor '/home/dee/ros2_ws/install/turtlebot3_manipulation_gazebo/share/turtlebot3_manipulation_gazebo/hook/cmake_prefix_path.dsv'
[2.036s] INFO:colcon.colcon_core.shell:Creating environment hook '/home/dee/ros2_ws/install/turtlebot3_manipulation_gazebo/share/turtlebot3_manipulation_gazebo/hook/cmake_prefix_path.sh'
[2.037s] Level 1:colcon.colcon_core.environment:checking '/home/dee/ros2_ws/install/turtlebot3_manipulation_gazebo/bin'
[2.037s] Level 1:colcon.colcon_core.environment:checking '/home/dee/ros2_ws/install/turtlebot3_manipulation_gazebo/lib/pkgconfig/turtlebot3_manipulation_gazebo.pc'
[2.037s] Level 1:colcon.colcon_core.environment:checking '/home/dee/ros2_ws/install/turtlebot3_manipulation_gazebo/lib/python3.10/site-packages'
[2.037s] Level 1:colcon.colcon_core.environment:checking '/home/dee/ros2_ws/install/turtlebot3_manipulation_gazebo/bin'
[2.037s] INFO:colcon.colcon_core.shell:Creating package script '/home/dee/ros2_ws/install/turtlebot3_manipulation_gazebo/share/turtlebot3_manipulation_gazebo/package.ps1'
[2.038s] INFO:colcon.colcon_core.shell:Creating package descriptor '/home/dee/ros2_ws/install/turtlebot3_manipulation_gazebo/share/turtlebot3_manipulation_gazebo/package.dsv'
[2.038s] INFO:colcon.colcon_core.shell:Creating package script '/home/dee/ros2_ws/install/turtlebot3_manipulation_gazebo/share/turtlebot3_manipulation_gazebo/package.sh'
[2.039s] INFO:colcon.colcon_core.shell:Creating package script '/home/dee/ros2_ws/install/turtlebot3_manipulation_gazebo/share/turtlebot3_manipulation_gazebo/package.bash'
[2.039s] INFO:colcon.colcon_core.shell:Creating package script '/home/dee/ros2_ws/install/turtlebot3_manipulation_gazebo/share/turtlebot3_manipulation_gazebo/package.zsh'
[2.039s] Level 1:colcon.colcon_core.environment:create_file_with_runtime_dependencies(/home/dee/ros2_ws/install/turtlebot3_manipulation_gazebo/share/colcon-core/packages/turtlebot3_manipulation_gazebo)
[2.040s] Level 1:colcon.colcon_core.environment:create_environment_scripts_only(turtlebot3_manipulation_gazebo)
[2.040s] Level 1:colcon.colcon_core.environment:checking '/home/dee/ros2_ws/install/turtlebot3_manipulation_gazebo' for CMake module files
[2.040s] Level 1:colcon.colcon_core.environment:checking '/home/dee/ros2_ws/install/turtlebot3_manipulation_gazebo' for CMake config files
[2.042s] Level 1:colcon.colcon_core.shell:create_environment_hook('turtlebot3_manipulation_gazebo', 'cmake_prefix_path')
[2.042s] INFO:colcon.colcon_core.shell:Creating environment hook '/home/dee/ros2_ws/install/turtlebot3_manipulation_gazebo/share/turtlebot3_manipulation_gazebo/hook/cmake_prefix_path.ps1'
[2.042s] INFO:colcon.colcon_core.shell:Creating environment descriptor '/home/dee/ros2_ws/install/turtlebot3_manipulation_gazebo/share/turtlebot3_manipulation_gazebo/hook/cmake_prefix_path.dsv'
[2.043s] INFO:colcon.colcon_core.shell:Creating environment hook '/home/dee/ros2_ws/install/turtlebot3_manipulation_gazebo/share/turtlebot3_manipulation_gazebo/hook/cmake_prefix_path.sh'
[2.043s] Level 1:colcon.colcon_core.environment:checking '/home/dee/ros2_ws/install/turtlebot3_manipulation_gazebo/bin'
[2.043s] Level 1:colcon.colcon_core.environment:checking '/home/dee/ros2_ws/install/turtlebot3_manipulation_gazebo/lib/pkgconfig/turtlebot3_manipulation_gazebo.pc'
[2.043s] Level 1:colcon.colcon_core.environment:checking '/home/dee/ros2_ws/install/turtlebot3_manipulation_gazebo/lib/python3.10/site-packages'
[2.044s] Level 1:colcon.colcon_core.environment:checking '/home/dee/ros2_ws/install/turtlebot3_manipulation_gazebo/bin'
[2.044s] INFO:colcon.colcon_core.shell:Creating package script '/home/dee/ros2_ws/install/turtlebot3_manipulation_gazebo/share/turtlebot3_manipulation_gazebo/package.ps1'
[2.045s] INFO:colcon.colcon_core.shell:Creating package descriptor '/home/dee/ros2_ws/install/turtlebot3_manipulation_gazebo/share/turtlebot3_manipulation_gazebo/package.dsv'
[2.045s] INFO:colcon.colcon_core.shell:Creating package script '/home/dee/ros2_ws/install/turtlebot3_manipulation_gazebo/share/turtlebot3_manipulation_gazebo/package.sh'
[2.045s] INFO:colcon.colcon_core.shell:Creating package script '/home/dee/ros2_ws/install/turtlebot3_manipulation_gazebo/share/turtlebot3_manipulation_gazebo/package.bash'
[2.046s] INFO:colcon.colcon_core.shell:Creating package script '/home/dee/ros2_ws/install/turtlebot3_manipulation_gazebo/share/turtlebot3_manipulation_gazebo/package.zsh'
[2.046s] Level 1:colcon.colcon_core.environment:create_file_with_runtime_dependencies(/home/dee/ros2_ws/install/turtlebot3_manipulation_gazebo/share/colcon-core/packages/turtlebot3_manipulation_gazebo)
[2.629s] DEBUG:colcon.colcon_core.event_handler.log_command:Invoked command in '/home/dee/ros2_ws/build/turtlebot3_gazebo' returned '0': CMAKE_PREFIX_PATH=/home/dee/ros2_ws/install/dwa_local_planner:/opt/ros/humble /usr/bin/cmake /home/dee/ros2_ws/src/turtlebot3_simulations/turtlebot3_gazebo -DAMENT_CMAKE_SYMLINK_INSTALL=1 -DCMAKE_INSTALL_PREFIX=/home/dee/ros2_ws/install/turtlebot3_gazebo
[2.631s] DEBUG:colcon.colcon_core.event_handler.log_command:Invoking command in '/home/dee/ros2_ws/build/turtlebot3_gazebo': CMAKE_PREFIX_PATH=/home/dee/ros2_ws/install/dwa_local_planner:/opt/ros/humble /usr/bin/cmake --build /home/dee/ros2_ws/build/turtlebot3_gazebo -- -j12 -l12
[15.902s] DEBUG:colcon.colcon_core.event_handler.log_command:Invoked command in '/home/dee/ros2_ws/build/turtlebot3_fake_node' returned '0': CMAKE_PREFIX_PATH=/home/dee/ros2_ws/install/dwa_local_planner:/opt/ros/humble /usr/bin/cmake --build /home/dee/ros2_ws/build/turtlebot3_fake_node -- -j12 -l12
[15.904s] DEBUG:colcon.colcon_core.event_handler.log_command:Invoking command in '/home/dee/ros2_ws/build/turtlebot3_fake_node': CMAKE_PREFIX_PATH=/home/dee/ros2_ws/install/dwa_local_planner:/opt/ros/humble /usr/bin/cmake --install /home/dee/ros2_ws/build/turtlebot3_fake_node
[16.216s] Level 1:colcon.colcon_core.environment:create_environment_scripts_only(turtlebot3_fake_node)
[16.217s] Level 1:colcon.colcon_core.environment:checking '/home/dee/ros2_ws/install/turtlebot3_fake_node' for CMake module files
[16.218s] DEBUG:colcon.colcon_core.event_handler.log_command:Invoked command in '/home/dee/ros2_ws/build/turtlebot3_fake_node' returned '0': CMAKE_PREFIX_PATH=/home/dee/ros2_ws/install/dwa_local_planner:/opt/ros/humble /usr/bin/cmake --install /home/dee/ros2_ws/build/turtlebot3_fake_node
[16.218s] Level 1:colcon.colcon_core.environment:checking '/home/dee/ros2_ws/install/turtlebot3_fake_node' for CMake config files
[16.219s] Level 1:colcon.colcon_core.shell:create_environment_hook('turtlebot3_fake_node', 'cmake_prefix_path')
[16.219s] INFO:colcon.colcon_core.shell:Creating environment hook '/home/dee/ros2_ws/install/turtlebot3_fake_node/share/turtlebot3_fake_node/hook/cmake_prefix_path.ps1'
[16.220s] INFO:colcon.colcon_core.shell:Creating environment descriptor '/home/dee/ros2_ws/install/turtlebot3_fake_node/share/turtlebot3_fake_node/hook/cmake_prefix_path.dsv'
[16.221s] INFO:colcon.colcon_core.shell:Creating environment hook '/home/dee/ros2_ws/install/turtlebot3_fake_node/share/turtlebot3_fake_node/hook/cmake_prefix_path.sh'
[16.222s] Level 1:colcon.colcon_core.environment:checking '/home/dee/ros2_ws/install/turtlebot3_fake_node/lib'
[16.222s] Level 1:colcon.colcon_core.environment:checking '/home/dee/ros2_ws/install/turtlebot3_fake_node/bin'
[16.222s] Level 1:colcon.colcon_core.environment:checking '/home/dee/ros2_ws/install/turtlebot3_fake_node/lib/pkgconfig/turtlebot3_fake_node.pc'
[16.223s] Level 1:colcon.colcon_core.environment:checking '/home/dee/ros2_ws/install/turtlebot3_fake_node/lib/python3.10/site-packages'
[16.224s] Level 1:colcon.colcon_core.environment:checking '/home/dee/ros2_ws/install/turtlebot3_fake_node/bin'
[16.224s] INFO:colcon.colcon_core.shell:Creating package script '/home/dee/ros2_ws/install/turtlebot3_fake_node/share/turtlebot3_fake_node/package.ps1'
[16.225s] INFO:colcon.colcon_core.shell:Creating package descriptor '/home/dee/ros2_ws/install/turtlebot3_fake_node/share/turtlebot3_fake_node/package.dsv'
[16.226s] INFO:colcon.colcon_core.shell:Creating package script '/home/dee/ros2_ws/install/turtlebot3_fake_node/share/turtlebot3_fake_node/package.sh'
[16.227s] INFO:colcon.colcon_core.shell:Creating package script '/home/dee/ros2_ws/install/turtlebot3_fake_node/share/turtlebot3_fake_node/package.bash'
[16.227s] INFO:colcon.colcon_core.shell:Creating package script '/home/dee/ros2_ws/install/turtlebot3_fake_node/share/turtlebot3_fake_node/package.zsh'
[16.228s] Level 1:colcon.colcon_core.environment:create_file_with_runtime_dependencies(/home/dee/ros2_ws/install/turtlebot3_fake_node/share/colcon-core/packages/turtlebot3_fake_node)
[16.229s] Level 1:colcon.colcon_core.environment:create_environment_scripts_only(turtlebot3_fake_node)
[16.230s] Level 1:colcon.colcon_core.environment:checking '/home/dee/ros2_ws/install/turtlebot3_fake_node' for CMake module files
[16.231s] Level 1:colcon.colcon_core.environment:checking '/home/dee/ros2_ws/install/turtlebot3_fake_node' for CMake config files
[16.231s] Level 1:colcon.colcon_core.shell:create_environment_hook('turtlebot3_fake_node', 'cmake_prefix_path')
[16.232s] INFO:colcon.colcon_core.shell:Creating environment hook '/home/dee/ros2_ws/install/turtlebot3_fake_node/share/turtlebot3_fake_node/hook/cmake_prefix_path.ps1'
[16.233s] INFO:colcon.colcon_core.shell:Creating environment descriptor '/home/dee/ros2_ws/install/turtlebot3_fake_node/share/turtlebot3_fake_node/hook/cmake_prefix_path.dsv'
[16.234s] INFO:colcon.colcon_core.shell:Creating environment hook '/home/dee/ros2_ws/install/turtlebot3_fake_node/share/turtlebot3_fake_node/hook/cmake_prefix_path.sh'
[16.235s] Level 1:colcon.colcon_core.environment:checking '/home/dee/ros2_ws/install/turtlebot3_fake_node/lib'
[16.235s] Level 1:colcon.colcon_core.environment:checking '/home/dee/ros2_ws/install/turtlebot3_fake_node/bin'
[16.235s] Level 1:colcon.colcon_core.environment:checking '/home/dee/ros2_ws/install/turtlebot3_fake_node/lib/pkgconfig/turtlebot3_fake_node.pc'
[16.236s] Level 1:colcon.colcon_core.environment:checking '/home/dee/ros2_ws/install/turtlebot3_fake_node/lib/python3.10/site-packages'
[16.236s] Level 1:colcon.colcon_core.environment:checking '/home/dee/ros2_ws/install/turtlebot3_fake_node/bin'
[16.237s] INFO:colcon.colcon_core.shell:Creating package script '/home/dee/ros2_ws/install/turtlebot3_fake_node/share/turtlebot3_fake_node/package.ps1'
[16.238s] INFO:colcon.colcon_core.shell:Creating package descriptor '/home/dee/ros2_ws/install/turtlebot3_fake_node/share/turtlebot3_fake_node/package.dsv'
[16.240s] INFO:colcon.colcon_core.shell:Creating package script '/home/dee/ros2_ws/install/turtlebot3_fake_node/share/turtlebot3_fake_node/package.sh'
[16.240s] INFO:colcon.colcon_core.shell:Creating package script '/home/dee/ros2_ws/install/turtlebot3_fake_node/share/turtlebot3_fake_node/package.bash'
[16.241s] INFO:colcon.colcon_core.shell:Creating package script '/home/dee/ros2_ws/install/turtlebot3_fake_node/share/turtlebot3_fake_node/package.zsh'
[16.242s] Level 1:colcon.colcon_core.environment:create_file_with_runtime_dependencies(/home/dee/ros2_ws/install/turtlebot3_fake_node/share/colcon-core/packages/turtlebot3_fake_node)
[22.329s] DEBUG:colcon.colcon_core.event_handler.log_command:Invoked command in '/home/dee/ros2_ws/build/turtlebot3_gazebo' returned '0': CMAKE_PREFIX_PATH=/home/dee/ros2_ws/install/dwa_local_planner:/opt/ros/humble /usr/bin/cmake --build /home/dee/ros2_ws/build/turtlebot3_gazebo -- -j12 -l12
[22.332s] DEBUG:colcon.colcon_core.event_handler.log_command:Invoking command in '/home/dee/ros2_ws/build/turtlebot3_gazebo': CMAKE_PREFIX_PATH=/home/dee/ros2_ws/install/dwa_local_planner:/opt/ros/humble /usr/bin/cmake --install /home/dee/ros2_ws/build/turtlebot3_gazebo
[23.608s] Level 1:colcon.colcon_core.environment:create_environment_scripts_only(turtlebot3_gazebo)
[23.609s] Level 1:colcon.colcon_core.environment:checking '/home/dee/ros2_ws/install/turtlebot3_gazebo' for CMake module files
[23.609s] DEBUG:colcon.colcon_core.event_handler.log_command:Invoked command in '/home/dee/ros2_ws/build/turtlebot3_gazebo' returned '0': CMAKE_PREFIX_PATH=/home/dee/ros2_ws/install/dwa_local_planner:/opt/ros/humble /usr/bin/cmake --install /home/dee/ros2_ws/build/turtlebot3_gazebo
[23.610s] Level 1:colcon.colcon_core.environment:checking '/home/dee/ros2_ws/install/turtlebot3_gazebo' for CMake config files
[23.612s] Level 1:colcon.colcon_core.shell:create_environment_hook('turtlebot3_gazebo', 'cmake_prefix_path')
[23.612s] INFO:colcon.colcon_core.shell:Creating environment hook '/home/dee/ros2_ws/install/turtlebot3_gazebo/share/turtlebot3_gazebo/hook/cmake_prefix_path.ps1'
[23.612s] INFO:colcon.colcon_core.shell:Creating environment descriptor '/home/dee/ros2_ws/install/turtlebot3_gazebo/share/turtlebot3_gazebo/hook/cmake_prefix_path.dsv'
[23.613s] INFO:colcon.colcon_core.shell:Creating environment hook '/home/dee/ros2_ws/install/turtlebot3_gazebo/share/turtlebot3_gazebo/hook/cmake_prefix_path.sh'
[23.613s] Level 1:colcon.colcon_core.environment:checking '/home/dee/ros2_ws/install/turtlebot3_gazebo/lib'
[23.613s] Level 1:colcon.colcon_core.environment:checking '/home/dee/ros2_ws/install/turtlebot3_gazebo/bin'
[23.613s] Level 1:colcon.colcon_core.environment:checking '/home/dee/ros2_ws/install/turtlebot3_gazebo/lib/pkgconfig/turtlebot3_gazebo.pc'
[23.613s] Level 1:colcon.colcon_core.environment:checking '/home/dee/ros2_ws/install/turtlebot3_gazebo/lib/python3.10/site-packages'
[23.614s] Level 1:colcon.colcon_core.environment:checking '/home/dee/ros2_ws/install/turtlebot3_gazebo/bin'
[23.614s] INFO:colcon.colcon_core.shell:Creating package script '/home/dee/ros2_ws/install/turtlebot3_gazebo/share/turtlebot3_gazebo/package.ps1'
[23.614s] INFO:colcon.colcon_core.shell:Creating package descriptor '/home/dee/ros2_ws/install/turtlebot3_gazebo/share/turtlebot3_gazebo/package.dsv'
[23.615s] INFO:colcon.colcon_core.shell:Creating package script '/home/dee/ros2_ws/install/turtlebot3_gazebo/share/turtlebot3_gazebo/package.sh'
[23.615s] INFO:colcon.colcon_core.shell:Creating package script '/home/dee/ros2_ws/install/turtlebot3_gazebo/share/turtlebot3_gazebo/package.bash'
[23.615s] INFO:colcon.colcon_core.shell:Creating package script '/home/dee/ros2_ws/install/turtlebot3_gazebo/share/turtlebot3_gazebo/package.zsh'
[23.616s] Level 1:colcon.colcon_core.environment:create_file_with_runtime_dependencies(/home/dee/ros2_ws/install/turtlebot3_gazebo/share/colcon-core/packages/turtlebot3_gazebo)
[23.616s] Level 1:colcon.colcon_core.environment:create_environment_scripts_only(turtlebot3_gazebo)
[23.616s] Level 1:colcon.colcon_core.environment:checking '/home/dee/ros2_ws/install/turtlebot3_gazebo' for CMake module files
[23.617s] Level 1:colcon.colcon_core.environment:checking '/home/dee/ros2_ws/install/turtlebot3_gazebo' for CMake config files
[23.619s] Level 1:colcon.colcon_core.shell:create_environment_hook('turtlebot3_gazebo', 'cmake_prefix_path')
[23.619s] INFO:colcon.colcon_core.shell:Creating environment hook '/home/dee/ros2_ws/install/turtlebot3_gazebo/share/turtlebot3_gazebo/hook/cmake_prefix_path.ps1'
[23.619s] INFO:colcon.colcon_core.shell:Creating environment descriptor '/home/dee/ros2_ws/install/turtlebot3_gazebo/share/turtlebot3_gazebo/hook/cmake_prefix_path.dsv'
[23.620s] INFO:colcon.colcon_core.shell:Creating environment hook '/home/dee/ros2_ws/install/turtlebot3_gazebo/share/turtlebot3_gazebo/hook/cmake_prefix_path.sh'
[23.620s] Level 1:colcon.colcon_core.environment:checking '/home/dee/ros2_ws/install/turtlebot3_gazebo/lib'
[23.620s] Level 1:colcon.colcon_core.environment:checking '/home/dee/ros2_ws/install/turtlebot3_gazebo/bin'
[23.620s] Level 1:colcon.colcon_core.environment:checking '/home/dee/ros2_ws/install/turtlebot3_gazebo/lib/pkgconfig/turtlebot3_gazebo.pc'
[23.621s] Level 1:colcon.colcon_core.environment:checking '/home/dee/ros2_ws/install/turtlebot3_gazebo/lib/python3.10/site-packages'
[23.621s] Level 1:colcon.colcon_core.environment:checking '/home/dee/ros2_ws/install/turtlebot3_gazebo/bin'
[23.621s] INFO:colcon.colcon_core.shell:Creating package script '/home/dee/ros2_ws/install/turtlebot3_gazebo/share/turtlebot3_gazebo/package.ps1'
[23.621s] INFO:colcon.colcon_core.shell:Creating package descriptor '/home/dee/ros2_ws/install/turtlebot3_gazebo/share/turtlebot3_gazebo/package.dsv'
[23.622s] INFO:colcon.colcon_core.shell:Creating package script '/home/dee/ros2_ws/install/turtlebot3_gazebo/share/turtlebot3_gazebo/package.sh'
[23.622s] INFO:colcon.colcon_core.shell:Creating package script '/home/dee/ros2_ws/install/turtlebot3_gazebo/share/turtlebot3_gazebo/package.bash'
[23.623s] INFO:colcon.colcon_core.shell:Creating package script '/home/dee/ros2_ws/install/turtlebot3_gazebo/share/turtlebot3_gazebo/package.zsh'
[23.623s] Level 1:colcon.colcon_core.environment:create_file_with_runtime_dependencies(/home/dee/ros2_ws/install/turtlebot3_gazebo/share/colcon-core/packages/turtlebot3_gazebo)
[23.623s] INFO:colcon.colcon_ros.task.ament_cmake.build:Building ROS package in '/home/dee/ros2_ws/src/turtlebot3_simulations/turtlebot3_simulations' with build type 'ament_cmake'
[23.624s] INFO:colcon.colcon_cmake.task.cmake.build:Building CMake package in '/home/dee/ros2_ws/src/turtlebot3_simulations/turtlebot3_simulations'
[23.624s] INFO:colcon.colcon_core.shell:Skip shell extension 'powershell' for command environment: Not usable outside of PowerShell
[23.624s] DEBUG:colcon.colcon_core.shell:Skip shell extension 'dsv' for command environment
[23.632s] DEBUG:colcon.colcon_core.event_handler.log_command:Invoking command in '/home/dee/ros2_ws/build/turtlebot3_simulations': AMENT_PREFIX_PATH=/home/dee/ros2_ws/install/turtlebot3_manipulation_gazebo:/home/dee/ros2_ws/install/turtlebot3_gazebo:/home/dee/ros2_ws/install/turtlebot3_fake_node:${AMENT_PREFIX_PATH} CMAKE_PREFIX_PATH=/home/dee/ros2_ws/install/turtlebot3_manipulation_gazebo:/home/dee/ros2_ws/install/turtlebot3_gazebo:/home/dee/ros2_ws/install/turtlebot3_fake_node:/home/dee/ros2_ws/install/dwa_local_planner:/opt/ros/humble /usr/bin/cmake /home/dee/ros2_ws/src/turtlebot3_simulations/turtlebot3_simulations -DAMENT_CMAKE_SYMLINK_INSTALL=1 -DCMAKE_INSTALL_PREFIX=/home/dee/ros2_ws/install/turtlebot3_simulations
[24.209s] DEBUG:colcon.colcon_core.event_handler.log_command:Invoked command in '/home/dee/ros2_ws/build/turtlebot3_simulations' returned '0': AMENT_PREFIX_PATH=/home/dee/ros2_ws/install/turtlebot3_manipulation_gazebo:/home/dee/ros2_ws/install/turtlebot3_gazebo:/home/dee/ros2_ws/install/turtlebot3_fake_node:${AMENT_PREFIX_PATH} CMAKE_PREFIX_PATH=/home/dee/ros2_ws/install/turtlebot3_manipulation_gazebo:/home/dee/ros2_ws/install/turtlebot3_gazebo:/home/dee/ros2_ws/install/turtlebot3_fake_node:/home/dee/ros2_ws/install/dwa_local_planner:/opt/ros/humble /usr/bin/cmake /home/dee/ros2_ws/src/turtlebot3_simulations/turtlebot3_simulations -DAMENT_CMAKE_SYMLINK_INSTALL=1 -DCMAKE_INSTALL_PREFIX=/home/dee/ros2_ws/install/turtlebot3_simulations
[24.210s] DEBUG:colcon.colcon_core.event_handler.log_command:Invoking command in '/home/dee/ros2_ws/build/turtlebot3_simulations': AMENT_PREFIX_PATH=/home/dee/ros2_ws/install/turtlebot3_manipulation_gazebo:/home/dee/ros2_ws/install/turtlebot3_gazebo:/home/dee/ros2_ws/install/turtlebot3_fake_node:${AMENT_PREFIX_PATH} CMAKE_PREFIX_PATH=/home/dee/ros2_ws/install/turtlebot3_manipulation_gazebo:/home/dee/ros2_ws/install/turtlebot3_gazebo:/home/dee/ros2_ws/install/turtlebot3_fake_node:/home/dee/ros2_ws/install/dwa_local_planner:/opt/ros/humble /usr/bin/cmake --build /home/dee/ros2_ws/build/turtlebot3_simulations -- -j12 -l12
[24.245s] DEBUG:colcon.colcon_core.event_handler.log_command:Invoked command in '/home/dee/ros2_ws/build/turtlebot3_simulations' returned '0': AMENT_PREFIX_PATH=/home/dee/ros2_ws/install/turtlebot3_manipulation_gazebo:/home/dee/ros2_ws/install/turtlebot3_gazebo:/home/dee/ros2_ws/install/turtlebot3_fake_node:${AMENT_PREFIX_PATH} CMAKE_PREFIX_PATH=/home/dee/ros2_ws/install/turtlebot3_manipulation_gazebo:/home/dee/ros2_ws/install/turtlebot3_gazebo:/home/dee/ros2_ws/install/turtlebot3_fake_node:/home/dee/ros2_ws/install/dwa_local_planner:/opt/ros/humble /usr/bin/cmake --build /home/dee/ros2_ws/build/turtlebot3_simulations -- -j12 -l12
[24.246s] DEBUG:colcon.colcon_core.event_handler.log_command:Invoking command in '/home/dee/ros2_ws/build/turtlebot3_simulations': AMENT_PREFIX_PATH=/home/dee/ros2_ws/install/turtlebot3_manipulation_gazebo:/home/dee/ros2_ws/install/turtlebot3_gazebo:/home/dee/ros2_ws/install/turtlebot3_fake_node:${AMENT_PREFIX_PATH} CMAKE_PREFIX_PATH=/home/dee/ros2_ws/install/turtlebot3_manipulation_gazebo:/home/dee/ros2_ws/install/turtlebot3_gazebo:/home/dee/ros2_ws/install/turtlebot3_fake_node:/home/dee/ros2_ws/install/dwa_local_planner:/opt/ros/humble /usr/bin/cmake --install /home/dee/ros2_ws/build/turtlebot3_simulations
[24.377s] Level 1:colcon.colcon_core.environment:create_environment_scripts_only(turtlebot3_simulations)
[24.377s] Level 1:colcon.colcon_core.environment:checking '/home/dee/ros2_ws/install/turtlebot3_simulations' for CMake module files
[24.378s] DEBUG:colcon.colcon_core.event_handler.log_command:Invoked command in '/home/dee/ros2_ws/build/turtlebot3_simulations' returned '0': AMENT_PREFIX_PATH=/home/dee/ros2_ws/install/turtlebot3_manipulation_gazebo:/home/dee/ros2_ws/install/turtlebot3_gazebo:/home/dee/ros2_ws/install/turtlebot3_fake_node:${AMENT_PREFIX_PATH} CMAKE_PREFIX_PATH=/home/dee/ros2_ws/install/turtlebot3_manipulation_gazebo:/home/dee/ros2_ws/install/turtlebot3_gazebo:/home/dee/ros2_ws/install/turtlebot3_fake_node:/home/dee/ros2_ws/install/dwa_local_planner:/opt/ros/humble /usr/bin/cmake --install /home/dee/ros2_ws/build/turtlebot3_simulations
[24.378s] Level 1:colcon.colcon_core.environment:checking '/home/dee/ros2_ws/install/turtlebot3_simulations' for CMake config files
[24.378s] Level 1:colcon.colcon_core.shell:create_environment_hook('turtlebot3_simulations', 'cmake_prefix_path')
[24.379s] INFO:colcon.colcon_core.shell:Creating environment hook '/home/dee/ros2_ws/install/turtlebot3_simulations/share/turtlebot3_simulations/hook/cmake_prefix_path.ps1'
[24.379s] INFO:colcon.colcon_core.shell:Creating environment descriptor '/home/dee/ros2_ws/install/turtlebot3_simulations/share/turtlebot3_simulations/hook/cmake_prefix_path.dsv'
[24.379s] INFO:colcon.colcon_core.shell:Creating environment hook '/home/dee/ros2_ws/install/turtlebot3_simulations/share/turtlebot3_simulations/hook/cmake_prefix_path.sh'
[24.380s] Level 1:colcon.colcon_core.environment:checking '/home/dee/ros2_ws/install/turtlebot3_simulations/bin'
[24.380s] Level 1:colcon.colcon_core.environment:checking '/home/dee/ros2_ws/install/turtlebot3_simulations/lib/pkgconfig/turtlebot3_simulations.pc'
[24.380s] Level 1:colcon.colcon_core.environment:checking '/home/dee/ros2_ws/install/turtlebot3_simulations/lib/python3.10/site-packages'
[24.380s] Level 1:colcon.colcon_core.environment:checking '/home/dee/ros2_ws/install/turtlebot3_simulations/bin'
[24.381s] INFO:colcon.colcon_core.shell:Creating package script '/home/dee/ros2_ws/install/turtlebot3_simulations/share/turtlebot3_simulations/package.ps1'
[24.381s] INFO:colcon.colcon_core.shell:Creating package descriptor '/home/dee/ros2_ws/install/turtlebot3_simulations/share/turtlebot3_simulations/package.dsv'
[24.381s] INFO:colcon.colcon_core.shell:Creating package script '/home/dee/ros2_ws/install/turtlebot3_simulations/share/turtlebot3_simulations/package.sh'
[24.382s] INFO:colcon.colcon_core.shell:Creating package script '/home/dee/ros2_ws/install/turtlebot3_simulations/share/turtlebot3_simulations/package.bash'
[24.382s] INFO:colcon.colcon_core.shell:Creating package script '/home/dee/ros2_ws/install/turtlebot3_simulations/share/turtlebot3_simulations/package.zsh'
[24.382s] Level 1:colcon.colcon_core.environment:create_file_with_runtime_dependencies(/home/dee/ros2_ws/install/turtlebot3_simulations/share/colcon-core/packages/turtlebot3_simulations)
[24.383s] Level 1:colcon.colcon_core.environment:create_environment_scripts_only(turtlebot3_simulations)
[24.383s] Level 1:colcon.colcon_core.environment:checking '/home/dee/ros2_ws/install/turtlebot3_simulations' for CMake module files
[24.383s] Level 1:colcon.colcon_core.environment:checking '/home/dee/ros2_ws/install/turtlebot3_simulations' for CMake config files
[24.384s] Level 1:colcon.colcon_core.shell:create_environment_hook('turtlebot3_simulations', 'cmake_prefix_path')
[24.384s] INFO:colcon.colcon_core.shell:Creating environment hook '/home/dee/ros2_ws/install/turtlebot3_simulations/share/turtlebot3_simulations/hook/cmake_prefix_path.ps1'
[24.384s] INFO:colcon.colcon_core.shell:Creating environment descriptor '/home/dee/ros2_ws/install/turtlebot3_simulations/share/turtlebot3_simulations/hook/cmake_prefix_path.dsv'
[24.385s] INFO:colcon.colcon_core.shell:Creating environment hook '/home/dee/ros2_ws/install/turtlebot3_simulations/share/turtlebot3_simulations/hook/cmake_prefix_path.sh'
[24.385s] Level 1:colcon.colcon_core.environment:checking '/home/dee/ros2_ws/install/turtlebot3_simulations/bin'
[24.385s] Level 1:colcon.colcon_core.environment:checking '/home/dee/ros2_ws/install/turtlebot3_simulations/lib/pkgconfig/turtlebot3_simulations.pc'
[24.385s] Level 1:colcon.colcon_core.environment:checking '/home/dee/ros2_ws/install/turtlebot3_simulations/lib/python3.10/site-packages'
[24.386s] Level 1:colcon.colcon_core.environment:checking '/home/dee/ros2_ws/install/turtlebot3_simulations/bin'
[24.386s] INFO:colcon.colcon_core.shell:Creating package script '/home/dee/ros2_ws/install/turtlebot3_simulations/share/turtlebot3_simulations/package.ps1'
[24.387s] INFO:colcon.colcon_core.shell:Creating package descriptor '/home/dee/ros2_ws/install/turtlebot3_simulations/share/turtlebot3_simulations/package.dsv'
[24.388s] INFO:colcon.colcon_core.shell:Creating package script '/home/dee/ros2_ws/install/turtlebot3_simulations/share/turtlebot3_simulations/package.sh'
[24.388s] INFO:colcon.colcon_core.shell:Creating package script '/home/dee/ros2_ws/install/turtlebot3_simulations/share/turtlebot3_simulations/package.bash'
[24.389s] INFO:colcon.colcon_core.shell:Creating package script '/home/dee/ros2_ws/install/turtlebot3_simulations/share/turtlebot3_simulations/package.zsh'
[24.389s] Level 1:colcon.colcon_core.environment:create_file_with_runtime_dependencies(/home/dee/ros2_ws/install/turtlebot3_simulations/share/colcon-core/packages/turtlebot3_simulations)
[24.389s] DEBUG:colcon.colcon_parallel_executor.executor.parallel:closing loop
[24.390s] DEBUG:colcon.colcon_parallel_executor.executor.parallel:loop closed
[24.390s] DEBUG:colcon.colcon_parallel_executor.executor.parallel:run_until_complete finished with '0'
[24.390s] DEBUG:colcon.colcon_core.event_reactor:joining thread
[24.395s] INFO:colcon.colcon_core.plugin_system:Skipping extension 'colcon_notification.desktop_notification.terminal_notifier': Not used on non-Darwin systems
[24.395s] INFO:colcon.colcon_core.plugin_system:Skipping extension 'colcon_notification.desktop_notification.win32': Not used on non-Windows systems
[24.395s] INFO:colcon.colcon_notification.desktop_notification:Sending desktop notification using 'notify2'
[24.405s] DEBUG:colcon.colcon_core.event_reactor:joined thread
[24.405s] INFO:colcon.colcon_core.shell:Creating prefix script '/home/dee/ros2_ws/install/local_setup.ps1'
[24.406s] INFO:colcon.colcon_core.shell:Creating prefix util module '/home/dee/ros2_ws/install/_local_setup_util_ps1.py'
[24.408s] INFO:colcon.colcon_core.shell:Creating prefix chain script '/home/dee/ros2_ws/install/setup.ps1'
[24.410s] INFO:colcon.colcon_core.shell:Creating prefix script '/home/dee/ros2_ws/install/local_setup.sh'
[24.410s] INFO:colcon.colcon_core.shell:Creating prefix util module '/home/dee/ros2_ws/install/_local_setup_util_sh.py'
[24.411s] INFO:colcon.colcon_core.shell:Creating prefix chain script '/home/dee/ros2_ws/install/setup.sh'
[24.413s] INFO:colcon.colcon_core.shell:Creating prefix script '/home/dee/ros2_ws/install/local_setup.bash'
[24.413s] INFO:colcon.colcon_core.shell:Creating prefix chain script '/home/dee/ros2_ws/install/setup.bash'
[24.415s] INFO:colcon.colcon_core.shell:Creating prefix script '/home/dee/ros2_ws/install/local_setup.zsh'
[24.416s] INFO:colcon.colcon_core.shell:Creating prefix chain script '/home/dee/ros2_ws/install/setup.zsh'
