[0.010s] Invoking command in '/home/dee/ros2_ws/build/turtlebot3_simulations': AMENT_PREFIX_PATH=/home/dee/ros2_ws/install/turtlebot3_manipulation_gazebo:/home/dee/ros2_ws/install/turtlebot3_gazebo:/home/dee/ros2_ws/install/turtlebot3_fake_node:${AMENT_PREFIX_PATH} CMAKE_PREFIX_PATH=/home/dee/ros2_ws/install/turtlebot3_manipulation_gazebo:/home/dee/ros2_ws/install/turtlebot3_gazebo:/home/dee/ros2_ws/install/turtlebot3_fake_node:/home/dee/ros2_ws/install/dwa_local_planner:/opt/ros/humble /usr/bin/cmake --build /home/dee/ros2_ws/build/turtlebot3_simulations -- -j12 -l12
[0.046s] Invoked command in '/home/dee/ros2_ws/build/turtlebot3_simulations' returned '0': AMENT_PREFIX_PATH=/home/dee/ros2_ws/install/turtlebot3_manipulation_gazebo:/home/dee/ros2_ws/install/turtlebot3_gazebo:/home/dee/ros2_ws/install/turtlebot3_fake_node:${AMENT_PREFIX_PATH} CMAKE_PREFIX_PATH=/home/dee/ros2_ws/install/turtlebot3_manipulation_gazebo:/home/dee/ros2_ws/install/turtlebot3_gazebo:/home/dee/ros2_ws/install/turtlebot3_fake_node:/home/dee/ros2_ws/install/dwa_local_planner:/opt/ros/humble /usr/bin/cmake --build /home/dee/ros2_ws/build/turtlebot3_simulations -- -j12 -l12
[0.047s] Invoking command in '/home/dee/ros2_ws/build/turtlebot3_simulations': AMENT_PREFIX_PATH=/home/dee/ros2_ws/install/turtlebot3_manipulation_gazebo:/home/dee/ros2_ws/install/turtlebot3_gazebo:/home/dee/ros2_ws/install/turtlebot3_fake_node:${AMENT_PREFIX_PATH} CMAKE_PREFIX_PATH=/home/dee/ros2_ws/install/turtlebot3_manipulation_gazebo:/home/dee/ros2_ws/install/turtlebot3_gazebo:/home/dee/ros2_ws/install/turtlebot3_fake_node:/home/dee/ros2_ws/install/dwa_local_planner:/opt/ros/humble /usr/bin/cmake --install /home/dee/ros2_ws/build/turtlebot3_simulations
[0.054s] -- Install configuration: ""
[0.054s] -- Execute custom install script
[0.054s] -- Up-to-date symlink: /home/dee/ros2_ws/install/turtlebot3_simulations/share/ament_index/resource_index/package_run_dependencies/turtlebot3_simulations
[0.055s] -- Up-to-date symlink: /home/dee/ros2_ws/install/turtlebot3_simulations/share/ament_index/resource_index/parent_prefix_path/turtlebot3_simulations
[0.055s] -- Up-to-date symlink: /home/dee/ros2_ws/install/turtlebot3_simulations/share/turtlebot3_simulations/environment/ament_prefix_path.sh
[0.055s] -- Up-to-date symlink: /home/dee/ros2_ws/install/turtlebot3_simulations/share/turtlebot3_simulations/environment/ament_prefix_path.dsv
[0.055s] -- Up-to-date symlink: /home/dee/ros2_ws/install/turtlebot3_simulations/share/turtlebot3_simulations/environment/path.sh
[0.055s] -- Up-to-date symlink: /home/dee/ros2_ws/install/turtlebot3_simulations/share/turtlebot3_simulations/environment/path.dsv
[0.055s] -- Up-to-date symlink: /home/dee/ros2_ws/install/turtlebot3_simulations/share/turtlebot3_simulations/local_setup.bash
[0.055s] -- Up-to-date symlink: /home/dee/ros2_ws/install/turtlebot3_simulations/share/turtlebot3_simulations/local_setup.sh
[0.056s] -- Up-to-date symlink: /home/dee/ros2_ws/install/turtlebot3_simulations/share/turtlebot3_simulations/local_setup.zsh
[0.056s] -- Up-to-date symlink: /home/dee/ros2_ws/install/turtlebot3_simulations/share/turtlebot3_simulations/local_setup.dsv
[0.056s] -- Symlinking: /home/dee/ros2_ws/install/turtlebot3_simulations/share/turtlebot3_simulations/package.dsv
[0.064s] -- Up-to-date symlink: /home/dee/ros2_ws/install/turtlebot3_simulations/share/ament_index/resource_index/packages/turtlebot3_simulations
[0.064s] -- Up-to-date symlink: /home/dee/ros2_ws/install/turtlebot3_simulations/share/turtlebot3_simulations/cmake/turtlebot3_simulationsConfig.cmake
[0.064s] -- Up-to-date symlink: /home/dee/ros2_ws/install/turtlebot3_simulations/share/turtlebot3_simulations/cmake/turtlebot3_simulationsConfig-version.cmake
[0.064s] -- Up-to-date symlink: /home/dee/ros2_ws/install/turtlebot3_simulations/share/turtlebot3_simulations/package.xml
[0.067s] Invoked command in '/home/dee/ros2_ws/build/turtlebot3_simulations' returned '0': AMENT_PREFIX_PATH=/home/dee/ros2_ws/install/turtlebot3_manipulation_gazebo:/home/dee/ros2_ws/install/turtlebot3_gazebo:/home/dee/ros2_ws/install/turtlebot3_fake_node:${AMENT_PREFIX_PATH} CMAKE_PREFIX_PATH=/home/dee/ros2_ws/install/turtlebot3_manipulation_gazebo:/home/dee/ros2_ws/install/turtlebot3_gazebo:/home/dee/ros2_ws/install/turtlebot3_fake_node:/home/dee/ros2_ws/install/dwa_local_planner:/opt/ros/humble /usr/bin/cmake --install /home/dee/ros2_ws/build/turtlebot3_simulations
