running develop
running egg_info
creating dwa_local_planner.egg-info
writing dwa_local_planner.egg-info/PKG-INFO
writing dependency_links to dwa_local_planner.egg-info/dependency_links.txt
writing entry points to dwa_local_planner.egg-info/entry_points.txt
writing requirements to dwa_local_planner.egg-info/requires.txt
writing top-level names to dwa_local_planner.egg-info/top_level.txt
writing manifest file 'dwa_local_planner.egg-info/SOURCES.txt'
reading manifest file 'dwa_local_planner.egg-info/SOURCES.txt'
writing manifest file 'dwa_local_planner.egg-info/SOURCES.txt'
running build_ext
Creating /home/dee/ros2_ws/install/dwa_local_planner/lib/python3.10/site-packages/dwa-local-planner.egg-link (link to .)
Installing dwa_node script to /home/dee/ros2_ws/install/dwa_local_planner/lib/dwa_local_planner

Installed /home/dee/ros2_ws/build/dwa_local_planner
running symlink_data
creating /home/dee/ros2_ws/install/dwa_local_planner/share/ament_index
creating /home/dee/ros2_ws/install/dwa_local_planner/share/ament_index/resource_index
creating /home/dee/ros2_ws/install/dwa_local_planner/share/ament_index/resource_index/packages
symbolically linking /home/dee/ros2_ws/build/dwa_local_planner/resource/dwa_local_planner -> /home/dee/ros2_ws/install/dwa_local_planner/share/ament_index/resource_index/packages
symbolically linking /home/dee/ros2_ws/build/dwa_local_planner/package.xml -> /home/dee/ros2_ws/install/dwa_local_planner/share/dwa_local_planner
