[0.797s] Invoking command in '/home/dee/ros2_ws/build/dwa_local_planner': PYTHONPATH=/home/dee/ros2_ws/build/dwa_local_planner/prefix_override:/usr/lib/python3/dist-packages/colcon_core/task/python/colcon_distutils_commands:/home/dee/ros2_ws/install/dwa_local_planner/lib/python3.10/site-packages:${PYTHONPATH} /usr/bin/python3 -W ignore:setup.py install is deprecated -W ignore:easy_install command is deprecated setup.py develop --editable --build-directory /home/dee/ros2_ws/build/dwa_local_planner/build --no-deps symlink_data
[1.023s] running develop
[1.170s] running egg_info
[1.170s] creating dwa_local_planner.egg-info
[1.170s] writing dwa_local_planner.egg-info/PKG-INFO
[1.171s] writing dependency_links to dwa_local_planner.egg-info/dependency_links.txt
[1.171s] writing entry points to dwa_local_planner.egg-info/entry_points.txt
[1.171s] writing requirements to dwa_local_planner.egg-info/requires.txt
[1.171s] writing top-level names to dwa_local_planner.egg-info/top_level.txt
[1.171s] writing manifest file 'dwa_local_planner.egg-info/SOURCES.txt'
[1.172s] reading manifest file 'dwa_local_planner.egg-info/SOURCES.txt'
[1.173s] writing manifest file 'dwa_local_planner.egg-info/SOURCES.txt'
[1.174s] running build_ext
[1.174s] Creating /home/dee/ros2_ws/install/dwa_local_planner/lib/python3.10/site-packages/dwa-local-planner.egg-link (link to .)
[1.174s] Installing dwa_node script to /home/dee/ros2_ws/install/dwa_local_planner/lib/dwa_local_planner
[1.175s] 
[1.175s] Installed /home/dee/ros2_ws/build/dwa_local_planner
[1.175s] running symlink_data
[1.175s] creating /home/dee/ros2_ws/install/dwa_local_planner/share/ament_index
[1.175s] creating /home/dee/ros2_ws/install/dwa_local_planner/share/ament_index/resource_index
[1.175s] creating /home/dee/ros2_ws/install/dwa_local_planner/share/ament_index/resource_index/packages
[1.175s] symbolically linking /home/dee/ros2_ws/build/dwa_local_planner/resource/dwa_local_planner -> /home/dee/ros2_ws/install/dwa_local_planner/share/ament_index/resource_index/packages
[1.175s] symbolically linking /home/dee/ros2_ws/build/dwa_local_planner/package.xml -> /home/dee/ros2_ws/install/dwa_local_planner/share/dwa_local_planner
[1.196s] Invoked command in '/home/dee/ros2_ws/build/dwa_local_planner' returned '0': PYTHONPATH=/home/dee/ros2_ws/build/dwa_local_planner/prefix_override:/usr/lib/python3/dist-packages/colcon_core/task/python/colcon_distutils_commands:/home/dee/ros2_ws/install/dwa_local_planner/lib/python3.10/site-packages:${PYTHONPATH} /usr/bin/python3 -W ignore:setup.py install is deprecated -W ignore:easy_install command is deprecated setup.py develop --editable --build-directory /home/dee/ros2_ws/build/dwa_local_planner/build --no-deps symlink_data
