[0.008s] Invoking command in '/home/dee/ros2_ws/build/turtlebot3_simulations': AMENT_PREFIX_PATH=/home/dee/ros2_ws/install/turtlebot3_manipulation_gazebo:/home/dee/ros2_ws/install/turtlebot3_gazebo:/home/dee/ros2_ws/install/turtlebot3_fake_node:${AMENT_PREFIX_PATH} CMAKE_PREFIX_PATH=/home/dee/ros2_ws/install/turtlebot3_manipulation_gazebo:/home/dee/ros2_ws/install/turtlebot3_gazebo:/home/dee/ros2_ws/install/turtlebot3_fake_node:/home/dee/ros2_ws/install/dwa_local_planner:/opt/ros/humble /usr/bin/cmake /home/dee/ros2_ws/src/turtlebot3_simulations/turtlebot3_simulations -DAMENT_CMAKE_SYMLINK_INSTALL=1 -DCMAKE_INSTALL_PREFIX=/home/dee/ros2_ws/install/turtlebot3_simulations
[0.059s] -- The C compiler identification is GNU 11.4.0
[0.112s] -- The CXX compiler identification is GNU 11.4.0
[0.118s] -- Detecting C compiler ABI info
[0.184s] -- Detecting C compiler ABI info - done
[0.191s] -- Check for working C compiler: /usr/bin/cc - skipped
[0.191s] -- Detecting C compile features
[0.191s] -- Detecting C compile features - done
[0.194s] -- Detecting CXX compiler ABI info
[0.271s] -- Detecting CXX compiler ABI info - done
[0.280s] -- Check for working CXX compiler: /usr/bin/c++ - skipped
[0.280s] -- Detecting CXX compile features
[0.280s] -- Detecting CXX compile features - done
[0.283s] -- Found ament_cmake: 1.3.12 (/opt/ros/humble/share/ament_cmake/cmake)
[0.426s] -- Found Python3: /usr/bin/python3 (found version "3.10.12") found components: Interpreter 
[0.486s] -- Override CMake install command with custom implementation using symlinks instead of copying resources
[0.576s] -- Configuring done
[0.579s] -- Generating done
[0.580s] -- Build files have been written to: /home/dee/ros2_ws/build/turtlebot3_simulations
[0.585s] Invoked command in '/home/dee/ros2_ws/build/turtlebot3_simulations' returned '0': AMENT_PREFIX_PATH=/home/dee/ros2_ws/install/turtlebot3_manipulation_gazebo:/home/dee/ros2_ws/install/turtlebot3_gazebo:/home/dee/ros2_ws/install/turtlebot3_fake_node:${AMENT_PREFIX_PATH} CMAKE_PREFIX_PATH=/home/dee/ros2_ws/install/turtlebot3_manipulation_gazebo:/home/dee/ros2_ws/install/turtlebot3_gazebo:/home/dee/ros2_ws/install/turtlebot3_fake_node:/home/dee/ros2_ws/install/dwa_local_planner:/opt/ros/humble /usr/bin/cmake /home/dee/ros2_ws/src/turtlebot3_simulations/turtlebot3_simulations -DAMENT_CMAKE_SYMLINK_INSTALL=1 -DCMAKE_INSTALL_PREFIX=/home/dee/ros2_ws/install/turtlebot3_simulations
[0.586s] Invoking command in '/home/dee/ros2_ws/build/turtlebot3_simulations': AMENT_PREFIX_PATH=/home/dee/ros2_ws/install/turtlebot3_manipulation_gazebo:/home/dee/ros2_ws/install/turtlebot3_gazebo:/home/dee/ros2_ws/install/turtlebot3_fake_node:${AMENT_PREFIX_PATH} CMAKE_PREFIX_PATH=/home/dee/ros2_ws/install/turtlebot3_manipulation_gazebo:/home/dee/ros2_ws/install/turtlebot3_gazebo:/home/dee/ros2_ws/install/turtlebot3_fake_node:/home/dee/ros2_ws/install/dwa_local_planner:/opt/ros/humble /usr/bin/cmake --build /home/dee/ros2_ws/build/turtlebot3_simulations -- -j12 -l12
[0.620s] Invoked command in '/home/dee/ros2_ws/build/turtlebot3_simulations' returned '0': AMENT_PREFIX_PATH=/home/dee/ros2_ws/install/turtlebot3_manipulation_gazebo:/home/dee/ros2_ws/install/turtlebot3_gazebo:/home/dee/ros2_ws/install/turtlebot3_fake_node:${AMENT_PREFIX_PATH} CMAKE_PREFIX_PATH=/home/dee/ros2_ws/install/turtlebot3_manipulation_gazebo:/home/dee/ros2_ws/install/turtlebot3_gazebo:/home/dee/ros2_ws/install/turtlebot3_fake_node:/home/dee/ros2_ws/install/dwa_local_planner:/opt/ros/humble /usr/bin/cmake --build /home/dee/ros2_ws/build/turtlebot3_simulations -- -j12 -l12
[0.621s] Invoking command in '/home/dee/ros2_ws/build/turtlebot3_simulations': AMENT_PREFIX_PATH=/home/dee/ros2_ws/install/turtlebot3_manipulation_gazebo:/home/dee/ros2_ws/install/turtlebot3_gazebo:/home/dee/ros2_ws/install/turtlebot3_fake_node:${AMENT_PREFIX_PATH} CMAKE_PREFIX_PATH=/home/dee/ros2_ws/install/turtlebot3_manipulation_gazebo:/home/dee/ros2_ws/install/turtlebot3_gazebo:/home/dee/ros2_ws/install/turtlebot3_fake_node:/home/dee/ros2_ws/install/dwa_local_planner:/opt/ros/humble /usr/bin/cmake --install /home/dee/ros2_ws/build/turtlebot3_simulations
[0.628s] -- Install configuration: ""
[0.628s] -- Execute custom install script
[0.629s] -- Symlinking: /home/dee/ros2_ws/install/turtlebot3_simulations/share/ament_index/resource_index/package_run_dependencies/turtlebot3_simulations
[0.637s] -- Symlinking: /home/dee/ros2_ws/install/turtlebot3_simulations/share/ament_index/resource_index/parent_prefix_path/turtlebot3_simulations
[0.645s] -- Symlinking: /home/dee/ros2_ws/install/turtlebot3_simulations/share/turtlebot3_simulations/environment/ament_prefix_path.sh
[0.653s] -- Symlinking: /home/dee/ros2_ws/install/turtlebot3_simulations/share/turtlebot3_simulations/environment/ament_prefix_path.dsv
[0.662s] -- Symlinking: /home/dee/ros2_ws/install/turtlebot3_simulations/share/turtlebot3_simulations/environment/path.sh
[0.671s] -- Symlinking: /home/dee/ros2_ws/install/turtlebot3_simulations/share/turtlebot3_simulations/environment/path.dsv
[0.679s] -- Symlinking: /home/dee/ros2_ws/install/turtlebot3_simulations/share/turtlebot3_simulations/local_setup.bash
[0.687s] -- Symlinking: /home/dee/ros2_ws/install/turtlebot3_simulations/share/turtlebot3_simulations/local_setup.sh
[0.695s] -- Symlinking: /home/dee/ros2_ws/install/turtlebot3_simulations/share/turtlebot3_simulations/local_setup.zsh
[0.703s] -- Symlinking: /home/dee/ros2_ws/install/turtlebot3_simulations/share/turtlebot3_simulations/local_setup.dsv
[0.711s] -- Symlinking: /home/dee/ros2_ws/install/turtlebot3_simulations/share/turtlebot3_simulations/package.dsv
[0.719s] -- Symlinking: /home/dee/ros2_ws/install/turtlebot3_simulations/share/ament_index/resource_index/packages/turtlebot3_simulations
[0.727s] -- Symlinking: /home/dee/ros2_ws/install/turtlebot3_simulations/share/turtlebot3_simulations/cmake/turtlebot3_simulationsConfig.cmake
[0.735s] -- Symlinking: /home/dee/ros2_ws/install/turtlebot3_simulations/share/turtlebot3_simulations/cmake/turtlebot3_simulationsConfig-version.cmake
[0.743s] -- Symlinking: /home/dee/ros2_ws/install/turtlebot3_simulations/share/turtlebot3_simulations/package.xml
[0.753s] Invoked command in '/home/dee/ros2_ws/build/turtlebot3_simulations' returned '0': AMENT_PREFIX_PATH=/home/dee/ros2_ws/install/turtlebot3_manipulation_gazebo:/home/dee/ros2_ws/install/turtlebot3_gazebo:/home/dee/ros2_ws/install/turtlebot3_fake_node:${AMENT_PREFIX_PATH} CMAKE_PREFIX_PATH=/home/dee/ros2_ws/install/turtlebot3_manipulation_gazebo:/home/dee/ros2_ws/install/turtlebot3_gazebo:/home/dee/ros2_ws/install/turtlebot3_fake_node:/home/dee/ros2_ws/install/dwa_local_planner:/opt/ros/humble /usr/bin/cmake --install /home/dee/ros2_ws/build/turtlebot3_simulations
