[0.018s] Invoking command in '/home/dee/ros2_ws/build/turtlebot3_gazebo': CMAKE_PREFIX_PATH=/home/dee/ros2_ws/install/dwa_local_planner:/opt/ros/humble /usr/bin/cmake /home/dee/ros2_ws/src/turtlebot3_simulations/turtlebot3_gazebo -DAMENT_CMAKE_SYMLINK_INSTALL=1 -DCMAKE_INSTALL_PREFIX=/home/dee/ros2_ws/install/turtlebot3_gazebo
[0.080s] -- The C compiler identification is GNU 11.4.0
[0.144s] -- The CXX compiler identification is GNU 11.4.0
[0.152s] -- Detecting C compiler ABI info
[0.223s] -- Detecting C compiler ABI info - done
[0.231s] -- Check for working C compiler: /usr/bin/cc - skipped
[0.232s] -- Detecting C compile features
[0.232s] -- Detecting C compile features - done
[0.235s] -- Detecting CXX compiler ABI info
[0.319s] -- Detecting CXX compiler ABI info - done
[0.331s] -- Check for working CXX compiler: /usr/bin/c++ - skipped
[0.331s] -- Detecting CXX compile features
[0.332s] -- Detecting CXX compile features - done
[0.334s] -- Found ament_cmake: 1.3.12 (/opt/ros/humble/share/ament_cmake/cmake)
[0.488s] -- Found Python3: /usr/bin/python3 (found version "3.10.12") found components: Interpreter 
[0.560s] -- Override CMake install command with custom implementation using symlinks instead of copying resources
[0.590s] -- Found PkgConfig: /usr/bin/pkg-config (found version "0.29.2") 
[0.594s] -- Checking for module 'bullet>=2.82'
[0.605s] --   Found bullet, version 3.05
[0.727s] -- Found fcl: /usr/include (found suitable version "0.7.0", minimum required is "0.5.0") 
[0.778s] -- Found assimp: /usr/include (found version "5.2.0") 
[0.798s] -- Found DART: /usr/include (Required is at least version "6.6") found components: dart 
[0.980s] -- Found Boost: /usr/lib/x86_64-linux-gnu/cmake/Boost-1.74.0/BoostConfig.cmake (found suitable version "1.74.0", minimum required is "1.40.0") found components: thread system filesystem program_options regex iostreams date_time 
[0.997s] -- Found Protobuf: /usr/lib/x86_64-linux-gnu/libprotobuf.so (found version "3.12.4") 
[1.002s] -- Looking for ignition-math6 -- found version 6.15.1
[1.009s] -- Searching for dependencies of ignition-math6
[1.011s] -- Looking for OGRE...
[1.011s] -- OGRE_PREFIX_WATCH changed.
[1.016s] -- Checking for module 'OGRE'
[1.031s] --   Found OGRE, version 1.9.0
[1.065s] -- Found Ogre Ghadamon (1.9.0)
[1.076s] -- Found OGRE: optimized;/usr/lib/x86_64-linux-gnu/libOgreMain.so;debug;/usr/lib/x86_64-linux-gnu/libOgreMain.so
[1.087s] -- Looking for OGRE_Paging...
[1.093s] -- Found OGRE_Paging: optimized;/usr/lib/x86_64-linux-gnu/libOgrePaging.so;debug;/usr/lib/x86_64-linux-gnu/libOgrePaging.so
[1.093s] -- Looking for OGRE_Terrain...
[1.099s] -- Found OGRE_Terrain: optimized;/usr/lib/x86_64-linux-gnu/libOgreTerrain.so;debug;/usr/lib/x86_64-linux-gnu/libOgreTerrain.so
[1.099s] -- Looking for OGRE_Property...
[1.105s] -- Found OGRE_Property: optimized;/usr/lib/x86_64-linux-gnu/libOgreProperty.so;debug;/usr/lib/x86_64-linux-gnu/libOgreProperty.so
[1.105s] -- Looking for OGRE_RTShaderSystem...
[1.116s] -- Found OGRE_RTShaderSystem: optimized;/usr/lib/x86_64-linux-gnu/libOgreRTShaderSystem.so;debug;/usr/lib/x86_64-linux-gnu/libOgreRTShaderSystem.so
[1.116s] -- Looking for OGRE_Volume...
[1.125s] -- Found OGRE_Volume: optimized;/usr/lib/x86_64-linux-gnu/libOgreVolume.so;debug;/usr/lib/x86_64-linux-gnu/libOgreVolume.so
[1.125s] -- Looking for OGRE_Overlay...
[1.135s] -- Found OGRE_Overlay: optimized;/usr/lib/x86_64-linux-gnu/libOgreOverlay.so;debug;/usr/lib/x86_64-linux-gnu/libOgreOverlay.so
[1.264s] -- Looking for ignition-math6 -- found version 6.15.1
[1.265s] -- Looking for ignition-transport8 -- found version 8.2.1
[1.266s] -- Searching for dependencies of ignition-transport8
[1.283s] -- Found Protobuf: /usr/lib/x86_64-linux-gnu/libprotobuf.so (found suitable version "3.12.4", minimum required is "3") 
[1.293s] -- Config-file not installed for ZeroMQ -- checking for pkg-config
[1.298s] -- Checking for module 'libzmq >= 4'
[1.311s] --   Found libzmq , version 4.3.4
[1.352s] -- Found ZeroMQ: TRUE (Required is at least version "4") 
[1.360s] -- Checking for module 'uuid'
[1.374s] --   Found uuid, version 2.37.2
[1.408s] -- Found UUID: TRUE  
[1.411s] -- Looking for ignition-msgs5 -- found version 5.8.1
[1.411s] -- Searching for dependencies of ignition-msgs5
[1.433s] -- Looking for ignition-math6 -- found version 6.15.1
[1.438s] -- Checking for module 'tinyxml2'
[1.450s] --   Found tinyxml2, version 9.0.0
[1.482s] -- Looking for ignition-msgs5 -- found version 5.8.1
[1.484s] -- Looking for ignition-common3 -- found version 3.14.0
[1.484s] -- Searching for dependencies of ignition-common3
[1.485s] -- Looking for dlfcn.h - found
[1.486s] -- Looking for libdl - found
[1.487s] -- Found DL: TRUE  
[1.498s] -- Found tinyobjloader: /usr/lib/x86_64-linux-gnu/cmake/tinyobjloader/tinyobjloader-config.cmake (found version "2.0.0") 
[1.499s] -- Searching for <ignition-common3> component [graphics]
[1.501s] -- Looking for ignition-common3-graphics -- found version 3.14.0
[1.501s] -- Searching for dependencies of ignition-common3-graphics
[1.501s] -- Looking for ignition-math6 -- found version 6.15.1
[1.504s] -- Looking for ignition-fuel_tools4 -- found version 4.4.0
[1.504s] -- Searching for dependencies of ignition-fuel_tools4
[1.581s] -- Found CURL: /usr/lib/x86_64-linux-gnu/libcurl.so (found version "7.81.0")  
[1.589s] -- Checking for module 'jsoncpp'
[1.602s] --   Found jsoncpp, version 1.9.5
[1.637s] -- Found JSONCPP: TRUE  
[1.643s] -- Checking for module 'libzip'
[1.655s] --   Found libzip, version 1.7.3
[1.688s] -- Found ZIP: TRUE  
[1.688s] -- Looking for ignition-common3 -- found version 3.14.0
[1.689s] -- Looking for ignition-math6 -- found version 6.15.1
[1.689s] -- Looking for ignition-msgs5 -- found version 5.8.1
[1.695s] -- Found gazebo_ros_pkgs: 3.9.0 (/opt/ros/humble/share/gazebo_ros_pkgs/cmake)
[1.697s] -- Found geometry_msgs: 4.9.0 (/opt/ros/humble/share/geometry_msgs/cmake)
[1.726s] -- Found rosidl_generator_c: 3.1.7 (/opt/ros/humble/share/rosidl_generator_c/cmake)
[1.731s] -- Found rosidl_adapter: 3.1.7 (/opt/ros/humble/share/rosidl_adapter/cmake)
[1.739s] -- Found rosidl_generator_cpp: 3.1.7 (/opt/ros/humble/share/rosidl_generator_cpp/cmake)
[1.751s] -- Using all available rosidl_typesupport_c: rosidl_typesupport_fastrtps_c;rosidl_typesupport_introspection_c
[1.767s] -- Using all available rosidl_typesupport_cpp: rosidl_typesupport_fastrtps_cpp;rosidl_typesupport_introspection_cpp
[1.806s] -- Found nav_msgs: 4.9.0 (/opt/ros/humble/share/nav_msgs/cmake)
[1.825s] -- Found rclcpp: 16.0.15 (/opt/ros/humble/share/rclcpp/cmake)
[1.862s] -- Found rmw_implementation_cmake: 6.1.2 (/opt/ros/humble/share/rmw_implementation_cmake/cmake)
[1.864s] -- Found rmw_fastrtps_cpp: 6.2.9 (/opt/ros/humble/share/rmw_fastrtps_cpp/cmake)
[1.955s] -- Found OpenSSL: /usr/lib/x86_64-linux-gnu/libcrypto.so (found version "3.0.2")  
[1.979s] -- Found FastRTPS: /opt/ros/humble/include  
[2.021s] -- Using RMW implementation 'rmw_fastrtps_cpp' as default
[2.031s] -- Found Threads: TRUE  
[2.068s] -- Found sensor_msgs: 4.9.0 (/opt/ros/humble/share/sensor_msgs/cmake)
[2.086s] -- Found tf2: 0.25.16 (/opt/ros/humble/share/tf2/cmake)
[2.169s] -- Configuring done
[2.234s] -- Generating done
[2.244s] -- Build files have been written to: /home/dee/ros2_ws/build/turtlebot3_gazebo
[2.257s] Invoked command in '/home/dee/ros2_ws/build/turtlebot3_gazebo' returned '0': CMAKE_PREFIX_PATH=/home/dee/ros2_ws/install/dwa_local_planner:/opt/ros/humble /usr/bin/cmake /home/dee/ros2_ws/src/turtlebot3_simulations/turtlebot3_gazebo -DAMENT_CMAKE_SYMLINK_INSTALL=1 -DCMAKE_INSTALL_PREFIX=/home/dee/ros2_ws/install/turtlebot3_gazebo
[2.259s] Invoking command in '/home/dee/ros2_ws/build/turtlebot3_gazebo': CMAKE_PREFIX_PATH=/home/dee/ros2_ws/install/dwa_local_planner:/opt/ros/humble /usr/bin/cmake --build /home/dee/ros2_ws/build/turtlebot3_gazebo -- -j12 -l12
[2.311s] [ 25%] [32mBuilding CXX object CMakeFiles/traffic_bar_plugin.dir/src/traffic_bar_plugin.cpp.o[0m
[2.311s] [ 25%] [32mBuilding CXX object CMakeFiles/traffic_light_plugin.dir/src/traffic_light_plugin.cpp.o[0m
[2.311s] [ 25%] [32mBuilding CXX object CMakeFiles/obstacle2.dir/src/obstacle2.cpp.o[0m
[2.313s] [ 41%] [32mBuilding CXX object CMakeFiles/obstacles.dir/src/obstacles.cpp.o[0m
[2.313s] [ 41%] [32mBuilding CXX object CMakeFiles/turtlebot3_drive.dir/src/turtlebot3_drive.cpp.o[0m
[2.319s] [ 50%] [32mBuilding CXX object CMakeFiles/obstacle1.dir/src/obstacle1.cpp.o[0m
[17.778s] [ 58%] [32m[1mLinking CXX executable turtlebot3_drive[0m
[18.614s] [ 66%] [32m[1mLinking CXX shared library libobstacles.so[0m
[18.836s] [ 75%] [32m[1mLinking CXX shared library libtraffic_light_plugin.so[0m
[18.851s] [ 75%] Built target turtlebot3_drive
[19.055s] [ 75%] Built target obstacles
[19.121s] [ 83%] [32m[1mLinking CXX shared library libtraffic_bar_plugin.so[0m
[19.318s] [ 83%] Built target traffic_light_plugin
[19.429s] [ 83%] Built target traffic_bar_plugin
[21.640s] [ 91%] [32m[1mLinking CXX shared library libobstacle1.so[0m
[21.673s] [100%] [32m[1mLinking CXX shared library libobstacle2.so[0m
[21.903s] [100%] Built target obstacle1
[21.947s] [100%] Built target obstacle2
[21.957s] Invoked command in '/home/dee/ros2_ws/build/turtlebot3_gazebo' returned '0': CMAKE_PREFIX_PATH=/home/dee/ros2_ws/install/dwa_local_planner:/opt/ros/humble /usr/bin/cmake --build /home/dee/ros2_ws/build/turtlebot3_gazebo -- -j12 -l12
[21.959s] Invoking command in '/home/dee/ros2_ws/build/turtlebot3_gazebo': CMAKE_PREFIX_PATH=/home/dee/ros2_ws/install/dwa_local_planner:/opt/ros/humble /usr/bin/cmake --install /home/dee/ros2_ws/build/turtlebot3_gazebo
[21.965s] -- Install configuration: ""
[21.966s] -- Execute custom install script
[21.966s] -- Symlinking: /home/dee/ros2_ws/install/turtlebot3_gazebo/lib/turtlebot3_gazebo/turtlebot3_drive
[21.975s] -- Symlinking: /home/dee/ros2_ws/install/turtlebot3_gazebo/share/turtlebot3_gazebo//launch/empty_world.launch.py
[21.983s] -- Symlinking: /home/dee/ros2_ws/install/turtlebot3_gazebo/share/turtlebot3_gazebo//launch/multi_robot.launch.py
[21.991s] -- Symlinking: /home/dee/ros2_ws/install/turtlebot3_gazebo/share/turtlebot3_gazebo//launch/multi_spawn_turtlebot3.launch.py
[21.999s] -- Symlinking: /home/dee/ros2_ws/install/turtlebot3_gazebo/share/turtlebot3_gazebo//launch/robot_state_publisher.launch.py
[22.007s] -- Symlinking: /home/dee/ros2_ws/install/turtlebot3_gazebo/share/turtlebot3_gazebo//launch/spawn_turtlebot3.launch.py
[22.016s] -- Symlinking: /home/dee/ros2_ws/install/turtlebot3_gazebo/share/turtlebot3_gazebo//launch/turtlebot3_autorace_2020.launch.py
[22.025s] -- Symlinking: /home/dee/ros2_ws/install/turtlebot3_gazebo/share/turtlebot3_gazebo//launch/turtlebot3_dqn_stage1.launch.py
[22.033s] -- Symlinking: /home/dee/ros2_ws/install/turtlebot3_gazebo/share/turtlebot3_gazebo//launch/turtlebot3_dqn_stage2.launch.py
[22.041s] -- Symlinking: /home/dee/ros2_ws/install/turtlebot3_gazebo/share/turtlebot3_gazebo//launch/turtlebot3_dqn_stage3.launch.py
[22.049s] -- Symlinking: /home/dee/ros2_ws/install/turtlebot3_gazebo/share/turtlebot3_gazebo//launch/turtlebot3_dqn_stage4.launch.py
[22.057s] -- Symlinking: /home/dee/ros2_ws/install/turtlebot3_gazebo/share/turtlebot3_gazebo//launch/turtlebot3_house.launch.py
[22.065s] -- Symlinking: /home/dee/ros2_ws/install/turtlebot3_gazebo/share/turtlebot3_gazebo//launch/turtlebot3_world.launch.py
[22.076s] -- Symlinking: /home/dee/ros2_ws/install/turtlebot3_gazebo/share/turtlebot3_gazebo//models/turtlebot3_autorace_2020/checker/materials/checker.png
[22.084s] -- Symlinking: /home/dee/ros2_ws/install/turtlebot3_gazebo/share/turtlebot3_gazebo//models/turtlebot3_autorace_2020/checker/materials/scripts/checker.material
[22.092s] -- Symlinking: /home/dee/ros2_ws/install/turtlebot3_gazebo/share/turtlebot3_gazebo//models/turtlebot3_autorace_2020/checker/materials/textures/checker.png
[22.100s] -- Symlinking: /home/dee/ros2_ws/install/turtlebot3_gazebo/share/turtlebot3_gazebo//models/turtlebot3_autorace_2020/checker/model.config
[22.108s] -- Symlinking: /home/dee/ros2_ws/install/turtlebot3_gazebo/share/turtlebot3_gazebo//models/turtlebot3_autorace_2020/checker/model.sdf
[22.118s] -- Symlinking: /home/dee/ros2_ws/install/turtlebot3_gazebo/share/turtlebot3_gazebo//models/turtlebot3_autorace_2020/course/materials/scripts/course.material
[22.126s] -- Symlinking: /home/dee/ros2_ws/install/turtlebot3_gazebo/share/turtlebot3_gazebo//models/turtlebot3_autorace_2020/course/materials/textures/course.png
[22.134s] -- Symlinking: /home/dee/ros2_ws/install/turtlebot3_gazebo/share/turtlebot3_gazebo//models/turtlebot3_autorace_2020/course/model.config
[22.142s] -- Symlinking: /home/dee/ros2_ws/install/turtlebot3_gazebo/share/turtlebot3_gazebo//models/turtlebot3_autorace_2020/course/model.sdf
[22.151s] -- Symlinking: /home/dee/ros2_ws/install/turtlebot3_gazebo/share/turtlebot3_gazebo//models/turtlebot3_autorace_2020/traffic_bar/materials/scripts/traffic_bar.material
[22.159s] -- Symlinking: /home/dee/ros2_ws/install/turtlebot3_gazebo/share/turtlebot3_gazebo//models/turtlebot3_autorace_2020/traffic_bar/materials/textures/traffic_bar.png
[22.167s] -- Symlinking: /home/dee/ros2_ws/install/turtlebot3_gazebo/share/turtlebot3_gazebo//models/turtlebot3_autorace_2020/traffic_bar/model.config
[22.175s] -- Symlinking: /home/dee/ros2_ws/install/turtlebot3_gazebo/share/turtlebot3_gazebo//models/turtlebot3_autorace_2020/traffic_bar/model.sdf
[22.183s] -- Symlinking: /home/dee/ros2_ws/install/turtlebot3_gazebo/share/turtlebot3_gazebo//models/turtlebot3_autorace_2020/traffic_construction/materials/scripts/traffic_construction.material
[22.191s] -- Symlinking: /home/dee/ros2_ws/install/turtlebot3_gazebo/share/turtlebot3_gazebo//models/turtlebot3_autorace_2020/traffic_construction/materials/textures/traffic_construction.png
[22.199s] -- Symlinking: /home/dee/ros2_ws/install/turtlebot3_gazebo/share/turtlebot3_gazebo//models/turtlebot3_autorace_2020/traffic_construction/model.config
[22.207s] -- Symlinking: /home/dee/ros2_ws/install/turtlebot3_gazebo/share/turtlebot3_gazebo//models/turtlebot3_autorace_2020/traffic_construction/model.sdf
[22.216s] -- Symlinking: /home/dee/ros2_ws/install/turtlebot3_gazebo/share/turtlebot3_gazebo//models/turtlebot3_autorace_2020/traffic_intersection/materials/scripts/traffic_intersection.material
[22.225s] -- Symlinking: /home/dee/ros2_ws/install/turtlebot3_gazebo/share/turtlebot3_gazebo//models/turtlebot3_autorace_2020/traffic_intersection/materials/textures/traffic_intersection.png
[22.233s] -- Symlinking: /home/dee/ros2_ws/install/turtlebot3_gazebo/share/turtlebot3_gazebo//models/turtlebot3_autorace_2020/traffic_intersection/model.config
[22.241s] -- Symlinking: /home/dee/ros2_ws/install/turtlebot3_gazebo/share/turtlebot3_gazebo//models/turtlebot3_autorace_2020/traffic_intersection/model.sdf
[22.249s] -- Symlinking: /home/dee/ros2_ws/install/turtlebot3_gazebo/share/turtlebot3_gazebo//models/turtlebot3_autorace_2020/traffic_left/materials/scripts/traffic_is_left.material
[22.257s] -- Symlinking: /home/dee/ros2_ws/install/turtlebot3_gazebo/share/turtlebot3_gazebo//models/turtlebot3_autorace_2020/traffic_left/materials/textures/traffic_left.png
[22.265s] -- Symlinking: /home/dee/ros2_ws/install/turtlebot3_gazebo/share/turtlebot3_gazebo//models/turtlebot3_autorace_2020/traffic_left/model.config
[22.274s] -- Symlinking: /home/dee/ros2_ws/install/turtlebot3_gazebo/share/turtlebot3_gazebo//models/turtlebot3_autorace_2020/traffic_left/model.sdf
[22.281s] -- Symlinking: /home/dee/ros2_ws/install/turtlebot3_gazebo/share/turtlebot3_gazebo//models/turtlebot3_autorace_2020/traffic_light/materials/scripts/traffic_light.material
[22.290s] -- Symlinking: /home/dee/ros2_ws/install/turtlebot3_gazebo/share/turtlebot3_gazebo//models/turtlebot3_autorace_2020/traffic_light/materials/textures/traffic_light.png
[22.298s] -- Symlinking: /home/dee/ros2_ws/install/turtlebot3_gazebo/share/turtlebot3_gazebo//models/turtlebot3_autorace_2020/traffic_light/materials/textures/traffic_light_green.png
[22.306s] -- Symlinking: /home/dee/ros2_ws/install/turtlebot3_gazebo/share/turtlebot3_gazebo//models/turtlebot3_autorace_2020/traffic_light/materials/textures/traffic_light_red.png
[22.315s] -- Symlinking: /home/dee/ros2_ws/install/turtlebot3_gazebo/share/turtlebot3_gazebo//models/turtlebot3_autorace_2020/traffic_light/materials/textures/traffic_light_yellow.png
[22.323s] -- Symlinking: /home/dee/ros2_ws/install/turtlebot3_gazebo/share/turtlebot3_gazebo//models/turtlebot3_autorace_2020/traffic_light/model.config
[22.331s] -- Symlinking: /home/dee/ros2_ws/install/turtlebot3_gazebo/share/turtlebot3_gazebo//models/turtlebot3_autorace_2020/traffic_light/model.sdf
[22.340s] -- Symlinking: /home/dee/ros2_ws/install/turtlebot3_gazebo/share/turtlebot3_gazebo//models/turtlebot3_autorace_2020/traffic_noentry/materials/scripts/traffic_noentry.material
[22.348s] -- Symlinking: /home/dee/ros2_ws/install/turtlebot3_gazebo/share/turtlebot3_gazebo//models/turtlebot3_autorace_2020/traffic_noentry/materials/textures/traffic_noentry.png
[22.356s] -- Symlinking: /home/dee/ros2_ws/install/turtlebot3_gazebo/share/turtlebot3_gazebo//models/turtlebot3_autorace_2020/traffic_noentry/model.config
[22.364s] -- Symlinking: /home/dee/ros2_ws/install/turtlebot3_gazebo/share/turtlebot3_gazebo//models/turtlebot3_autorace_2020/traffic_noentry/model.sdf
[22.372s] -- Symlinking: /home/dee/ros2_ws/install/turtlebot3_gazebo/share/turtlebot3_gazebo//models/turtlebot3_autorace_2020/traffic_parking/materials/scripts/traffic_parking.material
[22.380s] -- Symlinking: /home/dee/ros2_ws/install/turtlebot3_gazebo/share/turtlebot3_gazebo//models/turtlebot3_autorace_2020/traffic_parking/materials/textures/traffic_parking.png
[22.388s] -- Symlinking: /home/dee/ros2_ws/install/turtlebot3_gazebo/share/turtlebot3_gazebo//models/turtlebot3_autorace_2020/traffic_parking/model.config
[22.396s] -- Symlinking: /home/dee/ros2_ws/install/turtlebot3_gazebo/share/turtlebot3_gazebo//models/turtlebot3_autorace_2020/traffic_parking/model.sdf
[22.404s] -- Symlinking: /home/dee/ros2_ws/install/turtlebot3_gazebo/share/turtlebot3_gazebo//models/turtlebot3_autorace_2020/traffic_pl_left/materials/scripts/traffic_pl_left.material
[22.414s] -- Symlinking: /home/dee/ros2_ws/install/turtlebot3_gazebo/share/turtlebot3_gazebo//models/turtlebot3_autorace_2020/traffic_pl_left/materials/textures/traffic_pl_left.png
[22.422s] -- Symlinking: /home/dee/ros2_ws/install/turtlebot3_gazebo/share/turtlebot3_gazebo//models/turtlebot3_autorace_2020/traffic_pl_left/model.config
[22.430s] -- Symlinking: /home/dee/ros2_ws/install/turtlebot3_gazebo/share/turtlebot3_gazebo//models/turtlebot3_autorace_2020/traffic_pl_left/model.sdf
[22.438s] -- Symlinking: /home/dee/ros2_ws/install/turtlebot3_gazebo/share/turtlebot3_gazebo//models/turtlebot3_autorace_2020/traffic_right/materials/scripts/traffic_right.material
[22.447s] -- Symlinking: /home/dee/ros2_ws/install/turtlebot3_gazebo/share/turtlebot3_gazebo//models/turtlebot3_autorace_2020/traffic_right/materials/textures/traffic_right.png
[22.455s] -- Symlinking: /home/dee/ros2_ws/install/turtlebot3_gazebo/share/turtlebot3_gazebo//models/turtlebot3_autorace_2020/traffic_right/model.config
[22.462s] -- Symlinking: /home/dee/ros2_ws/install/turtlebot3_gazebo/share/turtlebot3_gazebo//models/turtlebot3_autorace_2020/traffic_right/model.sdf
[22.471s] -- Symlinking: /home/dee/ros2_ws/install/turtlebot3_gazebo/share/turtlebot3_gazebo//models/turtlebot3_autorace_2020/traffic_stop/materials/scripts/traffic_stop.material
[22.479s] -- Symlinking: /home/dee/ros2_ws/install/turtlebot3_gazebo/share/turtlebot3_gazebo//models/turtlebot3_autorace_2020/traffic_stop/materials/textures/traffic_stop.png
[22.487s] -- Symlinking: /home/dee/ros2_ws/install/turtlebot3_gazebo/share/turtlebot3_gazebo//models/turtlebot3_autorace_2020/traffic_stop/model.config
[22.495s] -- Symlinking: /home/dee/ros2_ws/install/turtlebot3_gazebo/share/turtlebot3_gazebo//models/turtlebot3_autorace_2020/traffic_stop/model.sdf
[22.503s] -- Symlinking: /home/dee/ros2_ws/install/turtlebot3_gazebo/share/turtlebot3_gazebo//models/turtlebot3_autorace_2020/traffic_tunnel/materials/scripts/tunnel.material
[22.511s] -- Symlinking: /home/dee/ros2_ws/install/turtlebot3_gazebo/share/turtlebot3_gazebo//models/turtlebot3_autorace_2020/traffic_tunnel/materials/textures/tunnel.png
[22.520s] -- Symlinking: /home/dee/ros2_ws/install/turtlebot3_gazebo/share/turtlebot3_gazebo//models/turtlebot3_autorace_2020/traffic_tunnel/model.config
[22.528s] -- Symlinking: /home/dee/ros2_ws/install/turtlebot3_gazebo/share/turtlebot3_gazebo//models/turtlebot3_autorace_2020/traffic_tunnel/model.sdf
[22.536s] -- Symlinking: /home/dee/ros2_ws/install/turtlebot3_gazebo/share/turtlebot3_gazebo//models/turtlebot3_burger/model-1_4.sdf
[22.544s] -- Symlinking: /home/dee/ros2_ws/install/turtlebot3_gazebo/share/turtlebot3_gazebo//models/turtlebot3_burger/model.config
[22.552s] -- Symlinking: /home/dee/ros2_ws/install/turtlebot3_gazebo/share/turtlebot3_gazebo//models/turtlebot3_burger/model.sdf
[22.560s] -- Symlinking: /home/dee/ros2_ws/install/turtlebot3_gazebo/share/turtlebot3_gazebo//models/turtlebot3_burger_cam/model-1_4.sdf
[22.568s] -- Symlinking: /home/dee/ros2_ws/install/turtlebot3_gazebo/share/turtlebot3_gazebo//models/turtlebot3_burger_cam/model.config
[22.576s] -- Symlinking: /home/dee/ros2_ws/install/turtlebot3_gazebo/share/turtlebot3_gazebo//models/turtlebot3_burger_cam/model.sdf
[22.584s] -- Symlinking: /home/dee/ros2_ws/install/turtlebot3_gazebo/share/turtlebot3_gazebo//models/turtlebot3_common/meshes/bases/burger_base.stl
[22.592s] -- Symlinking: /home/dee/ros2_ws/install/turtlebot3_gazebo/share/turtlebot3_gazebo//models/turtlebot3_common/meshes/bases/waffle_base.stl
[22.600s] -- Symlinking: /home/dee/ros2_ws/install/turtlebot3_gazebo/share/turtlebot3_gazebo//models/turtlebot3_common/meshes/bases/waffle_pi_base.stl
[22.608s] -- Symlinking: /home/dee/ros2_ws/install/turtlebot3_gazebo/share/turtlebot3_gazebo//models/turtlebot3_common/meshes/burger_base.dae
[22.617s] -- Symlinking: /home/dee/ros2_ws/install/turtlebot3_gazebo/share/turtlebot3_gazebo//models/turtlebot3_common/meshes/lds.dae
[22.626s] -- Symlinking: /home/dee/ros2_ws/install/turtlebot3_gazebo/share/turtlebot3_gazebo//models/turtlebot3_common/meshes/r200.dae
[22.634s] -- Symlinking: /home/dee/ros2_ws/install/turtlebot3_gazebo/share/turtlebot3_gazebo//models/turtlebot3_common/meshes/sensors/astra.dae
[22.641s] -- Symlinking: /home/dee/ros2_ws/install/turtlebot3_gazebo/share/turtlebot3_gazebo//models/turtlebot3_common/meshes/sensors/astra.jpg
[22.649s] -- Symlinking: /home/dee/ros2_ws/install/turtlebot3_gazebo/share/turtlebot3_gazebo//models/turtlebot3_common/meshes/sensors/lds.stl
[22.657s] -- Symlinking: /home/dee/ros2_ws/install/turtlebot3_gazebo/share/turtlebot3_gazebo//models/turtlebot3_common/meshes/sensors/r200.dae
[22.665s] -- Symlinking: /home/dee/ros2_ws/install/turtlebot3_gazebo/share/turtlebot3_gazebo//models/turtlebot3_common/meshes/sensors/r200.jpg
[22.673s] -- Symlinking: /home/dee/ros2_ws/install/turtlebot3_gazebo/share/turtlebot3_gazebo//models/turtlebot3_common/meshes/tire.dae
[22.681s] -- Symlinking: /home/dee/ros2_ws/install/turtlebot3_gazebo/share/turtlebot3_gazebo//models/turtlebot3_common/meshes/waffle_base.dae
[22.690s] -- Symlinking: /home/dee/ros2_ws/install/turtlebot3_gazebo/share/turtlebot3_gazebo//models/turtlebot3_common/meshes/waffle_pi_base.dae
[22.698s] -- Symlinking: /home/dee/ros2_ws/install/turtlebot3_gazebo/share/turtlebot3_gazebo//models/turtlebot3_common/meshes/wheels/left_tire.stl
[22.706s] -- Symlinking: /home/dee/ros2_ws/install/turtlebot3_gazebo/share/turtlebot3_gazebo//models/turtlebot3_common/meshes/wheels/right_tire.stl
[22.714s] -- Symlinking: /home/dee/ros2_ws/install/turtlebot3_gazebo/share/turtlebot3_gazebo//models/turtlebot3_common/model.config
[22.723s] -- Symlinking: /home/dee/ros2_ws/install/turtlebot3_gazebo/share/turtlebot3_gazebo//models/turtlebot3_dqn_world/goal_box/model.config
[22.731s] -- Symlinking: /home/dee/ros2_ws/install/turtlebot3_gazebo/share/turtlebot3_gazebo//models/turtlebot3_dqn_world/goal_box/model.sdf
[22.739s] -- Symlinking: /home/dee/ros2_ws/install/turtlebot3_gazebo/share/turtlebot3_gazebo//models/turtlebot3_dqn_world/inner_walls/model.config
[22.747s] -- Symlinking: /home/dee/ros2_ws/install/turtlebot3_gazebo/share/turtlebot3_gazebo//models/turtlebot3_dqn_world/inner_walls/model.sdf
[22.755s] -- Symlinking: /home/dee/ros2_ws/install/turtlebot3_gazebo/share/turtlebot3_gazebo//models/turtlebot3_dqn_world/model.config
[22.763s] -- Symlinking: /home/dee/ros2_ws/install/turtlebot3_gazebo/share/turtlebot3_gazebo//models/turtlebot3_dqn_world/model.sdf
[22.772s] -- Symlinking: /home/dee/ros2_ws/install/turtlebot3_gazebo/share/turtlebot3_gazebo//models/turtlebot3_dqn_world/obstacle1/model.config
[22.780s] -- Symlinking: /home/dee/ros2_ws/install/turtlebot3_gazebo/share/turtlebot3_gazebo//models/turtlebot3_dqn_world/obstacle1/model.sdf
[22.788s] -- Symlinking: /home/dee/ros2_ws/install/turtlebot3_gazebo/share/turtlebot3_gazebo//models/turtlebot3_dqn_world/obstacle2/model.config
[22.796s] -- Symlinking: /home/dee/ros2_ws/install/turtlebot3_gazebo/share/turtlebot3_gazebo//models/turtlebot3_dqn_world/obstacle2/model.sdf
[22.804s] -- Symlinking: /home/dee/ros2_ws/install/turtlebot3_gazebo/share/turtlebot3_gazebo//models/turtlebot3_dqn_world/obstacles/model.config
[22.813s] -- Symlinking: /home/dee/ros2_ws/install/turtlebot3_gazebo/share/turtlebot3_gazebo//models/turtlebot3_dqn_world/obstacles/model.sdf
[22.822s] -- Symlinking: /home/dee/ros2_ws/install/turtlebot3_gazebo/share/turtlebot3_gazebo//models/turtlebot3_house/model.config
[22.830s] -- Symlinking: /home/dee/ros2_ws/install/turtlebot3_gazebo/share/turtlebot3_gazebo//models/turtlebot3_house/model.sdf
[22.838s] -- Symlinking: /home/dee/ros2_ws/install/turtlebot3_gazebo/share/turtlebot3_gazebo//models/turtlebot3_waffle/model-1_4.sdf
[22.846s] -- Symlinking: /home/dee/ros2_ws/install/turtlebot3_gazebo/share/turtlebot3_gazebo//models/turtlebot3_waffle/model.config
[22.854s] -- Symlinking: /home/dee/ros2_ws/install/turtlebot3_gazebo/share/turtlebot3_gazebo//models/turtlebot3_waffle/model.sdf
[22.863s] -- Symlinking: /home/dee/ros2_ws/install/turtlebot3_gazebo/share/turtlebot3_gazebo//models/turtlebot3_waffle_pi/model-1_4_.sdf
[22.871s] -- Symlinking: /home/dee/ros2_ws/install/turtlebot3_gazebo/share/turtlebot3_gazebo//models/turtlebot3_waffle_pi/model.config
[22.879s] -- Symlinking: /home/dee/ros2_ws/install/turtlebot3_gazebo/share/turtlebot3_gazebo//models/turtlebot3_waffle_pi/model.sdf
[22.887s] -- Symlinking: /home/dee/ros2_ws/install/turtlebot3_gazebo/share/turtlebot3_gazebo//models/turtlebot3_world/meshes/hexagon.dae
[22.895s] -- Symlinking: /home/dee/ros2_ws/install/turtlebot3_gazebo/share/turtlebot3_gazebo//models/turtlebot3_world/meshes/wall.dae
[22.904s] -- Symlinking: /home/dee/ros2_ws/install/turtlebot3_gazebo/share/turtlebot3_gazebo//models/turtlebot3_world/model-1_4.sdf
[22.912s] -- Symlinking: /home/dee/ros2_ws/install/turtlebot3_gazebo/share/turtlebot3_gazebo//models/turtlebot3_world/model.config
[22.922s] -- Symlinking: /home/dee/ros2_ws/install/turtlebot3_gazebo/share/turtlebot3_gazebo//models/turtlebot3_world/model.sdf
[22.930s] -- Symlinking: /home/dee/ros2_ws/install/turtlebot3_gazebo/share/turtlebot3_gazebo//rviz/tb3_gazebo.rviz
[22.938s] -- Symlinking: /home/dee/ros2_ws/install/turtlebot3_gazebo/share/turtlebot3_gazebo//urdf/common_properties.urdf
[22.946s] -- Symlinking: /home/dee/ros2_ws/install/turtlebot3_gazebo/share/turtlebot3_gazebo//urdf/turtlebot3_burger.urdf
[22.954s] -- Symlinking: /home/dee/ros2_ws/install/turtlebot3_gazebo/share/turtlebot3_gazebo//urdf/turtlebot3_burger_cam.urdf
[22.962s] -- Symlinking: /home/dee/ros2_ws/install/turtlebot3_gazebo/share/turtlebot3_gazebo//urdf/turtlebot3_waffle.urdf
[22.970s] -- Symlinking: /home/dee/ros2_ws/install/turtlebot3_gazebo/share/turtlebot3_gazebo//urdf/turtlebot3_waffle_pi.urdf
[22.979s] -- Symlinking: /home/dee/ros2_ws/install/turtlebot3_gazebo/share/turtlebot3_gazebo//worlds/empty_world.world
[22.987s] -- Symlinking: /home/dee/ros2_ws/install/turtlebot3_gazebo/share/turtlebot3_gazebo//worlds/turtlebot3_autorace_2020.world
[22.995s] -- Symlinking: /home/dee/ros2_ws/install/turtlebot3_gazebo/share/turtlebot3_gazebo//worlds/turtlebot3_dqn_stage1.world
[23.003s] -- Symlinking: /home/dee/ros2_ws/install/turtlebot3_gazebo/share/turtlebot3_gazebo//worlds/turtlebot3_dqn_stage2.world
[23.011s] -- Symlinking: /home/dee/ros2_ws/install/turtlebot3_gazebo/share/turtlebot3_gazebo//worlds/turtlebot3_dqn_stage3.world
[23.020s] -- Symlinking: /home/dee/ros2_ws/install/turtlebot3_gazebo/share/turtlebot3_gazebo//worlds/turtlebot3_dqn_stage4.world
[23.029s] -- Symlinking: /home/dee/ros2_ws/install/turtlebot3_gazebo/share/turtlebot3_gazebo//worlds/turtlebot3_house.world
[23.037s] -- Symlinking: /home/dee/ros2_ws/install/turtlebot3_gazebo/share/turtlebot3_gazebo//worlds/turtlebot3_world.world
[23.046s] -- Symlinking: /home/dee/ros2_ws/install/turtlebot3_gazebo/include//turtlebot3_gazebo/obstacle1.hpp
[23.054s] -- Symlinking: /home/dee/ros2_ws/install/turtlebot3_gazebo/include//turtlebot3_gazebo/obstacle2.hpp
[23.062s] -- Symlinking: /home/dee/ros2_ws/install/turtlebot3_gazebo/include//turtlebot3_gazebo/obstacles.hpp
[23.070s] -- Symlinking: /home/dee/ros2_ws/install/turtlebot3_gazebo/include//turtlebot3_gazebo/traffic_bar_plugin.hpp
[23.077s] -- Symlinking: /home/dee/ros2_ws/install/turtlebot3_gazebo/include//turtlebot3_gazebo/traffic_light_plugin.hpp
[23.086s] -- Symlinking: /home/dee/ros2_ws/install/turtlebot3_gazebo/include//turtlebot3_gazebo/turtlebot3_drive.hpp
[23.094s] -- Symlinking: /home/dee/ros2_ws/install/turtlebot3_gazebo/share/ament_index/resource_index/package_run_dependencies/turtlebot3_gazebo
[23.102s] -- Symlinking: /home/dee/ros2_ws/install/turtlebot3_gazebo/share/ament_index/resource_index/parent_prefix_path/turtlebot3_gazebo
[23.111s] -- Symlinking: /home/dee/ros2_ws/install/turtlebot3_gazebo/share/turtlebot3_gazebo/environment/ament_prefix_path.sh
[23.120s] -- Symlinking: /home/dee/ros2_ws/install/turtlebot3_gazebo/share/turtlebot3_gazebo/environment/ament_prefix_path.dsv
[23.128s] -- Symlinking: /home/dee/ros2_ws/install/turtlebot3_gazebo/share/turtlebot3_gazebo/environment/path.sh
[23.136s] -- Symlinking: /home/dee/ros2_ws/install/turtlebot3_gazebo/share/turtlebot3_gazebo/environment/path.dsv
[23.144s] -- Symlinking: /home/dee/ros2_ws/install/turtlebot3_gazebo/share/turtlebot3_gazebo/local_setup.bash
[23.152s] -- Symlinking: /home/dee/ros2_ws/install/turtlebot3_gazebo/share/turtlebot3_gazebo/local_setup.sh
[23.160s] -- Symlinking: /home/dee/ros2_ws/install/turtlebot3_gazebo/share/turtlebot3_gazebo/local_setup.zsh
[23.169s] -- Symlinking: /home/dee/ros2_ws/install/turtlebot3_gazebo/share/turtlebot3_gazebo/local_setup.dsv
[23.177s] -- Symlinking: /home/dee/ros2_ws/install/turtlebot3_gazebo/share/turtlebot3_gazebo/package.dsv
[23.185s] -- Symlinking: /home/dee/ros2_ws/install/turtlebot3_gazebo/share/ament_index/resource_index/packages/turtlebot3_gazebo
[23.193s] -- Symlinking: /home/dee/ros2_ws/install/turtlebot3_gazebo/share/turtlebot3_gazebo/cmake/ament_cmake_export_include_directories-extras.cmake
[23.201s] -- Symlinking: /home/dee/ros2_ws/install/turtlebot3_gazebo/share/turtlebot3_gazebo/cmake/ament_cmake_export_dependencies-extras.cmake
[23.209s] -- Symlinking: /home/dee/ros2_ws/install/turtlebot3_gazebo/share/turtlebot3_gazebo/cmake/turtlebot3_gazeboConfig.cmake
[23.219s] -- Symlinking: /home/dee/ros2_ws/install/turtlebot3_gazebo/share/turtlebot3_gazebo/cmake/turtlebot3_gazeboConfig-version.cmake
[23.227s] -- Symlinking: /home/dee/ros2_ws/install/turtlebot3_gazebo/share/turtlebot3_gazebo/package.xml
[23.237s] Invoked command in '/home/dee/ros2_ws/build/turtlebot3_gazebo' returned '0': CMAKE_PREFIX_PATH=/home/dee/ros2_ws/install/dwa_local_planner:/opt/ros/humble /usr/bin/cmake --install /home/dee/ros2_ws/build/turtlebot3_gazebo
